#
# A fatal error has been detected by the Java Runtime Environment:
#
#  EXCEPTION_ILLEGAL_INSTRUCTION (0xc000001d) at pc=0x000001213ed34f3a, pid=19912, tid=17692
#
# JRE version: Java(TM) SE Runtime Environment (11.0.1+13) (build 11.0.1+13-LTS)
# Java VM: Java HotSpot(TM) 64-Bit Server VM (11.0.1+13-LTS, mixed mode, tiered, compressed oops, g1 gc, windows-amd64)
# Problematic frame:
# J 8467% c2 bz.tl(Lbz;IB)V (1328 bytes) @ 0x000001213ed34f3a [0x000001213ed346e0+0x000000000000085a]
#
# No core dump will be written. Minidumps are not enabled by default on client versions of Windows
#
# If you would like to submit a bug report, please visit:
#   http://bugreport.java.com/bugreport/crash.jsp
#

---------------  S U M M A R Y ------------

Command Line: -Dfile.encoding=windows-1252 -Duser.country=US -Duser.language=en -Duser.variant -ea com.flippingutilities.FlippingPluginTest --developer-mode

Host: Intel(R) Core(TM) i7-6700K CPU @ 4.00GHz, 8 cores, 15G,  Windows 10 , 64 bit Build 18362 (10.0.18362.329)
Time: Thu Mar 19 22:28:23 2020 Central European Standard Time elapsed time: 9 seconds (0d 0h 0m 9s)

---------------  T H R E A D  ---------------

Current thread (0x000001215c582800):  JavaThread "Client" daemon [_thread_in_Java, id=17692, stack(0x00000018cba00000,0x00000018cbb00000)]

Stack: [0x00000018cba00000,0x00000018cbb00000],  sp=0x00000018cbafefe0,  free space=1019k
Native frames: (J=compiled Java code, j=interpreted, Vv=VM code, C=native code)
C  0x000001213ed34f3a


siginfo: EXCEPTION_ILLEGAL_INSTRUCTION (0xc000001d)


Register to memory mapping:

RIP=0x000001213ed34f3a is at entry_point+2138 in (nmethod*)0x000001213ed34510
RAX=0x0 is NULL
RBX=0x0 is NULL
RCX=0x0000000000000081 is an unknown value
RDX=0x0000000000000101 is an unknown value
RSP=0x00000018cbafefe0 is pointing into the stack for thread: 0x000001215c582800
RBP=0x00000000000000fe is an unknown value
RSI=0x0000000000000001 is an unknown value
RDI=0x0000000708bc2a28 is an oop
[I 
{0x0000000708bc2a28} - klass: {type array int}
 - length: 32768
R8 =0x0000000000000001 is an unknown value
R9 =0x0000000000000001 is an unknown value
R10=0xffffffffffffff81 is an unknown value
R11=0x0000000000000080 is an unknown value
R12=0x0 is NULL
R13=0x0000000000000001 is an unknown value
R14=0x0 is NULL
R15=0x000001215c582800 is a thread


Registers:
RAX=0x0000000000000000, RBX=0x0000000000000000, RCX=0x0000000000000081, RDX=0x0000000000000101
RSP=0x00000018cbafefe0, RBP=0x00000000000000fe, RSI=0x0000000000000001, RDI=0x0000000708bc2a28
R8 =0x0000000000000001, R9 =0x0000000000000001, R10=0xffffffffffffff81, R11=0x0000000000000080
R12=0x0000000000000000, R13=0x0000000000000001, R14=0x0000000000000000, R15=0x000001215c582800
RIP=0x000001213ed34f3a, EFLAGS=0x0000000000010286

Top of Stack: (sp=0x00000018cbafefe0)
0x00000018cbafefe0:   0000012136db9e67 deaddeaf00000000
0x00000018cbafeff0:   deaddeaf00000280 deaddeaf00000000
0x00000018cbaff000:   0000000000008000 ffffff8100000080
0x00000018cbaff010:   0000000000000001 0000000000008000
0x00000018cbaff020:   deaddeaf00000001 0000000000000000
0x00000018cbaff030:   0000000000000000 0000000000000000
0x00000018cbaff040:   00000018cbaff0b0 0000012136db9e67
0x00000018cbaff050:   deaddeaf00000001 0000000000000000
0x00000018cbaff060:   0000000708b91b10 00000018cbaff068
0x00000018cbaff070:   000001215ec8b598 00000018cbaff0e0
0x00000018cbaff080:   00000121646c25d8 0000000000000000
0x00000018cbaff090:   00000007053fd948 000001215ec8b628
0x00000018cbaff0a0:   00000018cbaff050 00000018cbaff0c8
0x00000018cbaff0b0:   00000018cbaff130 0000012136db9e67
0x00000018cbaff0c0:   0000000000000001 00000000ecd45233
0x00000018cbaff0d0:   0000000000000047 00000000ffffffea 

Instructions: (pc=0x000001213ed34f3a)
0x000001213ed34f1a:   44 24 f8 44 89 44 24 30 44 89 4c 24 34 44 89 74
0x000001213ed34f2a:   24 38 c5 fa 11 44 24 3c 90 e8 c8 41 0a f8 0f 0b
0x000001213ed34f3a:   0f 0b 89 44 24 20 8b eb e9 d1 fd ff ff 45 33 c0
0x000001213ed34f4a:   ba 7e ff ff ff 4c 89 44 24 20 48 89 44 24 f8 8b 




---------------  P R O C E S S  ---------------

Threads class SMR info:
_java_thread_list=0x000001215f4fcee0, length=51, elements={
0x00000121523b6000, 0x00000121523b7000, 0x0000012152cbb800, 0x0000012152cbd800,
0x0000012152cc0800, 0x0000012152ccd000, 0x0000012152cf9000, 0x0000012152e6f000,
0x0000012152e5d800, 0x000001215338a800, 0x0000012153102800, 0x0000012153105000,
0x0000012153ce4800, 0x0000012153364800, 0x0000012154438000, 0x000001215c521800,
0x0000012154895800, 0x000001215487a000, 0x000001215c581800, 0x000001215c57e800,
0x000001215c580000, 0x000001215c581000, 0x000001215c57f000, 0x000001215c57c000,
0x000001215c582800, 0x000001215c57d000, 0x000001215c57d800, 0x000001215db10000,
0x000001215db11800, 0x000001215db11000, 0x000001215db0c000, 0x000001215db0d800,
0x000001215db0d000, 0x000001215db13800, 0x000001215db14000, 0x000001215db15000,
0x000001215db0f000, 0x000001215db17800, 0x000001215db1a800, 0x000001215db12800,
0x000001215db0e800, 0x000001215db19000, 0x000001215db15800, 0x000001215db1a000,
0x000001215db18000, 0x000001215db16800, 0x000001215f8e2000, 0x000001215f8de800,
0x00000121624e2800, 0x000001215de35800, 0x00000121619c4000
}

Java Threads: ( => current thread )
  0x00000121523b6000 JavaThread "Reference Handler" daemon [_thread_blocked, id=22000, stack(0x00000018c8200000,0x00000018c8300000)]
  0x00000121523b7000 JavaThread "Finalizer" daemon [_thread_blocked, id=23416, stack(0x00000018c8300000,0x00000018c8400000)]
  0x0000012152cbb800 JavaThread "Signal Dispatcher" daemon [_thread_blocked, id=5004, stack(0x00000018c8400000,0x00000018c8500000)]
  0x0000012152cbd800 JavaThread "Attach Listener" daemon [_thread_blocked, id=3560, stack(0x00000018c8500000,0x00000018c8600000)]
  0x0000012152cc0800 JavaThread "C2 CompilerThread0" daemon [_thread_blocked, id=21836, stack(0x00000018c8600000,0x00000018c8700000)]
  0x0000012152ccd000 JavaThread "C1 CompilerThread0" daemon [_thread_blocked, id=23912, stack(0x00000018c8700000,0x00000018c8800000)]
  0x0000012152cf9000 JavaThread "Sweeper thread" daemon [_thread_blocked, id=1900, stack(0x00000018c8800000,0x00000018c8900000)]
  0x0000012152e6f000 JavaThread "Service Thread" daemon [_thread_blocked, id=2376, stack(0x00000018c8900000,0x00000018c8a00000)]
  0x0000012152e5d800 JavaThread "Common-Cleaner" daemon [_thread_blocked, id=7872, stack(0x00000018c8b00000,0x00000018c8c00000)]
  0x000001215338a800 JavaThread "Java2D Disposer" daemon [_thread_blocked, id=3308, stack(0x00000018c8e00000,0x00000018c8f00000)]
  0x0000012153102800 JavaThread "AWT-Shutdown" [_thread_blocked, id=20924, stack(0x00000018c8f00000,0x00000018c9000000)]
  0x0000012153105000 JavaThread "AWT-Windows" daemon [_thread_blocked, id=18848, stack(0x00000018c9000000,0x00000018c9100000)]
  0x0000012153ce4800 JavaThread "AWT-EventQueue-0" [_thread_blocked, id=22256, stack(0x00000018c9100000,0x00000018c9200000)]
  0x0000012153364800 JavaThread "TimerQueue" daemon [_thread_blocked, id=14244, stack(0x00000018ca800000,0x00000018ca900000)]
  0x0000012154438000 JavaThread "D3D Screen Updater" daemon [_thread_blocked, id=23692, stack(0x00000018ca900000,0x00000018caa00000)]
  0x000001215c521800 JavaThread "OkHttp ConnectionPool" daemon [_thread_blocked, id=22872, stack(0x00000018cb000000,0x00000018cb100000)]
  0x0000012154895800 JavaThread "Okio Watchdog" daemon [_thread_blocked, id=23668, stack(0x00000018cb100000,0x00000018cb200000)]
  0x000001215487a000 JavaThread "pool-1-thread-1" [_thread_blocked, id=20780, stack(0x00000018cb200000,0x00000018cb300000)]
  0x000001215c581800 JavaThread "pool-2-thread-1" [_thread_blocked, id=21648, stack(0x00000018cae00000,0x00000018caf00000)]
  0x000001215c57e800 JavaThread "OkHttp api.runelite.net" [_thread_in_native, id=22896, stack(0x00000018caa00000,0x00000018cab00000)]
  0x000001215c580000 JavaThread "OkHttp Http2Connection" daemon [_thread_blocked, id=4624, stack(0x00000018cb500000,0x00000018cb600000)]
  0x000001215c581000 JavaThread "OkHttp Http2Connection" daemon [_thread_blocked, id=21064, stack(0x00000018cb600000,0x00000018cb700000)]
  0x000001215c57f000 JavaThread "Image Fetcher 0" daemon [_thread_blocked, id=3112, stack(0x00000018cb400000,0x00000018cb500000)]
  0x000001215c57c000 JavaThread "Thread-1" daemon [_thread_blocked, id=24072, stack(0x00000018cb900000,0x00000018cba00000)]
=>0x000001215c582800 JavaThread "Client" daemon [_thread_in_Java, id=17692, stack(0x00000018cba00000,0x00000018cbb00000)]
  0x000001215c57d000 JavaThread "Thread-3" daemon [_thread_blocked, id=9592, stack(0x00000018cbb00000,0x00000018cbc00000)]
  0x000001215c57d800 JavaThread "Substance heap status" daemon [_thread_blocked, id=23420, stack(0x00000018cbc00000,0x00000018cbd00000)]
  0x000001215db10000 JavaThread "Thread-5" daemon [_thread_in_native, id=22600, stack(0x00000018cbe00000,0x00000018cbf00000)]
  0x000001215db11800 JavaThread "Thread-6" daemon [_thread_blocked, id=20148, stack(0x00000018cbf00000,0x00000018cc000000)]
  0x000001215db11000 JavaThread "OkHttp Dispatcher" [_thread_blocked, id=15184, stack(0x00000018cc100000,0x00000018cc200000)]
  0x000001215db0c000 JavaThread "OkHttp Dispatcher" [_thread_blocked, id=19156, stack(0x00000018cc200000,0x00000018cc300000)]
  0x000001215db0d800 JavaThread "OkHttp Dispatcher" [_thread_blocked, id=18484, stack(0x00000018cc400000,0x00000018cc500000)]
  0x000001215db0d000 JavaThread "OkHttp Dispatcher" [_thread_blocked, id=12320, stack(0x00000018cc500000,0x00000018cc600000)]
  0x000001215db13800 JavaThread "OkHttp Dispatcher" [_thread_blocked, id=12296, stack(0x00000018cc600000,0x00000018cc700000)]
  0x000001215db14000 JavaThread "OkHttp pbs.twimg.com" [_thread_in_native, id=13760, stack(0x00000018cc900000,0x00000018cca00000)]
  0x000001215db15000 JavaThread "OkHttp Http2Connection" daemon [_thread_blocked, id=1560, stack(0x00000018ccc00000,0x00000018ccd00000)]
  0x000001215db0f000 JavaThread "OkHttp Http2Connection" daemon [_thread_blocked, id=21444, stack(0x00000018ccd00000,0x00000018cce00000)]
  0x000001215db17800 JavaThread "OkHttp Http2Connection" daemon [_thread_blocked, id=8220, stack(0x00000018cce00000,0x00000018ccf00000)]
  0x000001215db1a800 JavaThread "OkHttp Http2Connection" daemon [_thread_blocked, id=23580, stack(0x00000018ccf00000,0x00000018cd000000)]
  0x000001215db12800 JavaThread "Thread-12" daemon [_thread_blocked, id=21788, stack(0x00000018cca00000,0x00000018ccb00000)]
  0x000001215db0e800 JavaThread "OkHttp Dispatcher" [_thread_blocked, id=23848, stack(0x00000018ccb00000,0x00000018ccc00000)]
  0x000001215db19000 JavaThread "pool-3-thread-1" [_thread_blocked, id=7164, stack(0x00000018cd200000,0x00000018cd300000)]
  0x000001215db15800 JavaThread "Java Sound Event Dispatcher" daemon [_thread_blocked, id=7272, stack(0x00000018cd300000,0x00000018cd400000)]
  0x000001215db1a000 JavaThread "pool-4-thread-1" [_thread_blocked, id=24532, stack(0x00000018cd600000,0x00000018cd700000)]
  0x000001215db18000 JavaThread "Trident callback thread" daemon [_thread_blocked, id=23808, stack(0x00000018cd900000,0x00000018cda00000)]
  0x000001215db16800 JavaThread "Trident pulse source thread" daemon [_thread_blocked, id=21680, stack(0x00000018cda00000,0x00000018cdb00000)]
  0x000001215f8e2000 JavaThread "DestroyJavaVM" [_thread_blocked, id=23168, stack(0x00000018c7b00000,0x00000018c7c00000)]
  0x000001215f8de800 JavaThread "Client-SharedResourceRunner" daemon [_thread_blocked, id=21876, stack(0x00000018cdb00000,0x00000018cdc00000)]
  0x00000121624e2800 JavaThread "C2 CompilerThread1" daemon [_thread_blocked, id=16644, stack(0x00000018cb300000,0x00000018cb400000)]
  0x000001215de35800 JavaThread "C2 CompilerThread2" daemon [_thread_in_native, id=1444, stack(0x00000018cdc00000,0x00000018cdd00000)]
  0x00000121619c4000 JavaThread "Thread-17" daemon [_thread_blocked, id=17908, stack(0x00000018cdd00000,0x00000018cde00000)]

Other Threads:
  0x00000121523b4000 VMThread "VM Thread" [stack: 0x00000018c8100000,0x00000018c8200000] [id=12952] _threads_hazard_ptr=0x000001215f4fcee0
  0x0000012152e61000 WatcherThread [stack: 0x00000018c8a00000,0x00000018c8b00000] [id=23736]
  0x000001212eaa3800 GCTaskThread "GC Thread#0" [stack: 0x00000018c7c00000,0x00000018c7d00000] [id=22392]
  0x000001215440f800 GCTaskThread "GC Thread#1" [stack: 0x00000018c8c00000,0x00000018c8d00000] [id=14416]
  0x000001215440e800 GCTaskThread "GC Thread#2" [stack: 0x00000018c8d00000,0x00000018c8e00000] [id=10820]
  0x000001215428e000 GCTaskThread "GC Thread#3" [stack: 0x00000018ca400000,0x00000018ca500000] [id=20516]
  0x0000012154273800 GCTaskThread "GC Thread#4" [stack: 0x00000018ca500000,0x00000018ca600000] [id=8108]
  0x00000121535f6800 GCTaskThread "GC Thread#5" [stack: 0x00000018ca600000,0x00000018ca700000] [id=12264]
  0x0000012154639800 GCTaskThread "GC Thread#6" [stack: 0x00000018cab00000,0x00000018cac00000] [id=12276]
  0x00000121546bf000 GCTaskThread "GC Thread#7" [stack: 0x00000018cac00000,0x00000018cad00000] [id=19284]
  0x000001212eb03000 ConcurrentGCThread "G1 Main Marker" [stack: 0x00000018c7d00000,0x00000018c7e00000] [id=24380]
  0x000001212eb05800 ConcurrentGCThread "G1 Conc#0" [stack: 0x00000018c7e00000,0x00000018c7f00000] [id=21516]
  0x000001215472f000 ConcurrentGCThread "G1 Conc#1" [stack: 0x00000018cad00000,0x00000018cae00000] [id=18552]
  0x000001215229c000 ConcurrentGCThread "G1 Refine#0" [stack: 0x00000018c7f00000,0x00000018c8000000] [id=19880]
  0x00000121533d4000 ConcurrentGCThread "G1 Refine#1" [stack: 0x00000018ca700000,0x00000018ca800000] [id=22796]
  0x000001215f2c2800 ConcurrentGCThread "G1 Refine#2" [stack: 0x00000018cb700000,0x00000018cb800000] [id=4360]
  0x000001215e668000 ConcurrentGCThread "G1 Refine#3" [stack: 0x00000018cb800000,0x00000018cb900000] [id=13108]
  0x000001215229d000 ConcurrentGCThread "G1 Young RemSet Sampling" [stack: 0x00000018c8000000,0x00000018c8100000] [id=22692]

Threads with active compile tasks:
C2 CompilerThread08512   !   4       java.awt.Component::reshape (312 bytes)
C2 CompilerThread18451 %     4       dg::av @ 1305 (1959 bytes)
C2 CompilerThread28230       4       javax.swing.text.html.BlockView::getAttributes (26 bytes)

VM state:synchronizing (normal execution)

VM Mutex/Monitor currently owned by a thread:  ([mutex/lock_event])
[0x000001212ea89c90] Safepoint_lock - owner thread: 0x00000121523b4000
[0x000001212ea88df0] Threads_lock - owner thread: 0x00000121523b4000

Heap address: 0x0000000701400000, size: 4076 MB, Compressed Oops mode: Zero based, Oop shift amount: 3
Narrow klass base: 0x0000000800000000, Narrow klass shift: 0
Compressed class space size: 1073741824 Address: 0x0000000800000000

Heap:
 garbage-first heap   total 378880K, used 223214K [0x0000000701400000, 0x0000000800000000)
  region size 1024K, 93 young (95232K), 16 survivors (16384K)
 Metaspace       used 70793K, capacity 73630K, committed 73812K, reserved 1114112K
  class space    used 7596K, capacity 8700K, committed 8780K, reserved 1048576K
Heap Regions: E=young(eden), S=young(survivor), O=old, HS=humongous(starts), HC=humongous(continues), CS=collection set, F=free, A=archive, TAMS=top-at-mark-start (previous, next)
|   0|0x0000000701400000, 0x0000000701500000, 0x0000000701500000|100%| O|  |TAMS 0x0000000701500000, 0x0000000701400000| Untracked 
|   1|0x0000000701500000, 0x0000000701600000, 0x0000000701600000|100%| O|  |TAMS 0x0000000701600000, 0x0000000701500000| Untracked 
|   2|0x0000000701600000, 0x0000000701700000, 0x0000000701700000|100%| O|  |TAMS 0x0000000701700000, 0x0000000701600000| Untracked 
|   3|0x0000000701700000, 0x0000000701800000, 0x0000000701800000|100%| O|  |TAMS 0x0000000701800000, 0x0000000701700000| Untracked 
|   4|0x0000000701800000, 0x0000000701900000, 0x0000000701900000|100%| O|  |TAMS 0x0000000701900000, 0x0000000701800000| Untracked 
|   5|0x0000000701900000, 0x0000000701a00000, 0x0000000701a00000|100%| O|  |TAMS 0x0000000701a00000, 0x0000000701900000| Untracked 
|   6|0x0000000701a00000, 0x0000000701b00000, 0x0000000701b00000|100%| O|  |TAMS 0x0000000701b00000, 0x0000000701a00000| Untracked 
|   7|0x0000000701b00000, 0x0000000701c00000, 0x0000000701c00000|100%| O|  |TAMS 0x0000000701c00000, 0x0000000701b00000| Untracked 
|   8|0x0000000701c00000, 0x0000000701d00000, 0x0000000701d00000|100%| O|  |TAMS 0x0000000701d00000, 0x0000000701c00000| Untracked 
|   9|0x0000000701d00000, 0x0000000701e00000, 0x0000000701e00000|100%| O|  |TAMS 0x0000000701e00000, 0x0000000701d00000| Untracked 
|  10|0x0000000701e00000, 0x0000000701f00000, 0x0000000701f00000|100%| O|  |TAMS 0x0000000701f00000, 0x0000000701e00000| Untracked 
|  11|0x0000000701f00000, 0x0000000702000000, 0x0000000702000000|100%| O|  |TAMS 0x0000000702000000, 0x0000000701f00000| Untracked 
|  12|0x0000000702000000, 0x0000000702100000, 0x0000000702100000|100%| O|  |TAMS 0x0000000702100000, 0x0000000702000000| Untracked 
|  13|0x0000000702100000, 0x0000000702200000, 0x0000000702200000|100%| O|  |TAMS 0x0000000702200000, 0x0000000702100000| Untracked 
|  14|0x0000000702200000, 0x0000000702300000, 0x0000000702300000|100%| O|  |TAMS 0x0000000702300000, 0x0000000702200000| Untracked 
|  15|0x0000000702300000, 0x0000000702400000, 0x0000000702400000|100%| O|  |TAMS 0x0000000702400000, 0x0000000702300000| Untracked 
|  16|0x0000000702400000, 0x0000000702500000, 0x0000000702500000|100%| O|  |TAMS 0x0000000702500000, 0x0000000702400000| Untracked 
|  17|0x0000000702500000, 0x0000000702600000, 0x0000000702600000|100%| O|  |TAMS 0x0000000702600000, 0x0000000702500000| Untracked 
|  18|0x0000000702600000, 0x0000000702700000, 0x0000000702700000|100%| O|  |TAMS 0x0000000702700000, 0x0000000702600000| Untracked 
|  19|0x0000000702700000, 0x0000000702800000, 0x0000000702800000|100%| O|  |TAMS 0x0000000702800000, 0x0000000702700000| Untracked 
|  20|0x0000000702800000, 0x0000000702900000, 0x0000000702900000|100%| O|  |TAMS 0x0000000702900000, 0x0000000702800000| Untracked 
|  21|0x0000000702900000, 0x0000000702a00000, 0x0000000702a00000|100%| O|  |TAMS 0x0000000702a00000, 0x0000000702900000| Untracked 
|  22|0x0000000702a00000, 0x0000000702b00000, 0x0000000702b00000|100%| O|  |TAMS 0x0000000702b00000, 0x0000000702a00000| Untracked 
|  23|0x0000000702b00000, 0x0000000702c00000, 0x0000000702c00000|100%| O|  |TAMS 0x0000000702c00000, 0x0000000702b00000| Untracked 
|  24|0x0000000702c00000, 0x0000000702d00000, 0x0000000702d00000|100%| O|  |TAMS 0x0000000702d00000, 0x0000000702c00000| Untracked 
|  25|0x0000000702d00000, 0x0000000702e00000, 0x0000000702e00000|100%| O|  |TAMS 0x0000000702e00000, 0x0000000702d00000| Untracked 
|  26|0x0000000702e00000, 0x0000000702f00000, 0x0000000702f00000|100%| O|  |TAMS 0x0000000702f00000, 0x0000000702e00000| Untracked 
|  27|0x0000000702f00000, 0x0000000703000000, 0x0000000703000000|100%| O|  |TAMS 0x0000000703000000, 0x0000000702f00000| Untracked 
|  28|0x0000000703000000, 0x0000000703100000, 0x0000000703100000|100%| O|  |TAMS 0x0000000703100000, 0x0000000703000000| Untracked 
|  29|0x0000000703100000, 0x0000000703200000, 0x0000000703200000|100%| O|  |TAMS 0x0000000703200000, 0x0000000703100000| Untracked 
|  30|0x0000000703200000, 0x0000000703300000, 0x0000000703300000|100%| O|  |TAMS 0x0000000703300000, 0x0000000703200000| Untracked 
|  31|0x0000000703300000, 0x0000000703400000, 0x0000000703400000|100%| O|  |TAMS 0x0000000703400000, 0x0000000703300000| Untracked 
|  32|0x0000000703400000, 0x0000000703500000, 0x0000000703500000|100%| O|  |TAMS 0x0000000703500000, 0x0000000703400000| Untracked 
|  33|0x0000000703500000, 0x0000000703600000, 0x0000000703600000|100%| O|  |TAMS 0x0000000703600000, 0x0000000703500000| Untracked 
|  34|0x0000000703600000, 0x0000000703700000, 0x0000000703700000|100%| O|  |TAMS 0x0000000703700000, 0x0000000703600000| Untracked 
|  35|0x0000000703700000, 0x0000000703800000, 0x0000000703800000|100%| O|  |TAMS 0x0000000703800000, 0x0000000703700000| Untracked 
|  36|0x0000000703800000, 0x0000000703900000, 0x0000000703900000|100%| O|  |TAMS 0x0000000703900000, 0x0000000703800000| Untracked 
|  37|0x0000000703900000, 0x0000000703a00000, 0x0000000703a00000|100%| O|  |TAMS 0x0000000703a00000, 0x0000000703900000| Untracked 
|  38|0x0000000703a00000, 0x0000000703b00000, 0x0000000703b00000|100%| O|  |TAMS 0x0000000703b00000, 0x0000000703a00000| Untracked 
|  39|0x0000000703b00000, 0x0000000703c00000, 0x0000000703c00000|100%| O|  |TAMS 0x0000000703c00000, 0x0000000703b00000| Untracked 
|  40|0x0000000703c00000, 0x0000000703d00000, 0x0000000703d00000|100%| O|  |TAMS 0x0000000703d00000, 0x0000000703c00000| Untracked 
|  41|0x0000000703d00000, 0x0000000703e00000, 0x0000000703e00000|100%| O|  |TAMS 0x0000000703e00000, 0x0000000703d00000| Untracked 
|  42|0x0000000703e00000, 0x0000000703f00000, 0x0000000703f00000|100%| O|  |TAMS 0x0000000703f00000, 0x0000000703e00000| Untracked 
|  43|0x0000000703f00000, 0x0000000704000000, 0x0000000704000000|100%| O|  |TAMS 0x0000000704000000, 0x0000000703f00000| Untracked 
|  44|0x0000000704000000, 0x0000000704100000, 0x0000000704100000|100%| O|  |TAMS 0x0000000704100000, 0x0000000704000000| Untracked 
|  45|0x0000000704100000, 0x0000000704200000, 0x0000000704200000|100%| O|  |TAMS 0x0000000704200000, 0x0000000704100000| Untracked 
|  46|0x0000000704200000, 0x0000000704300000, 0x0000000704300000|100%|HS|  |TAMS 0x0000000704200000, 0x0000000704200000| Complete 
|  47|0x0000000704300000, 0x0000000704400000, 0x0000000704400000|100%|HC|  |TAMS 0x0000000704300000, 0x0000000704300000| Complete 
|  48|0x0000000704400000, 0x0000000704500000, 0x0000000704500000|100%|HS|  |TAMS 0x0000000704500000, 0x0000000704400000| Complete 
|  49|0x0000000704500000, 0x0000000704600000, 0x0000000704600000|100%|HC|  |TAMS 0x0000000704600000, 0x0000000704500000| Complete 
|  50|0x0000000704600000, 0x0000000704700000, 0x0000000704700000|100%|HS|  |TAMS 0x0000000704700000, 0x0000000704600000| Complete 
|  51|0x0000000704700000, 0x0000000704800000, 0x0000000704800000|100%|HC|  |TAMS 0x0000000704800000, 0x0000000704700000| Complete 
|  52|0x0000000704800000, 0x0000000704900000, 0x0000000704900000|100%| O|  |TAMS 0x0000000704900000, 0x0000000704800000| Untracked 
|  53|0x0000000704900000, 0x0000000704a00000, 0x0000000704a00000|100%| O|  |TAMS 0x0000000704a00000, 0x0000000704900000| Untracked 
|  54|0x0000000704a00000, 0x0000000704b00000, 0x0000000704b00000|100%| O|  |TAMS 0x0000000704b00000, 0x0000000704a00000| Untracked 
|  55|0x0000000704b00000, 0x0000000704c00000, 0x0000000704c00000|100%| O|  |TAMS 0x0000000704c00000, 0x0000000704b00000| Untracked 
|  56|0x0000000704c00000, 0x0000000704d00000, 0x0000000704d00000|100%| O|  |TAMS 0x0000000704d00000, 0x0000000704c00000| Untracked 
|  57|0x0000000704d00000, 0x0000000704e00000, 0x0000000704e00000|100%| O|  |TAMS 0x0000000704e00000, 0x0000000704d00000| Untracked 
|  58|0x0000000704e00000, 0x0000000704f00000, 0x0000000704f00000|100%| O|  |TAMS 0x0000000704f00000, 0x0000000704e00000| Untracked 
|  59|0x0000000704f00000, 0x0000000705000000, 0x0000000705000000|100%| O|  |TAMS 0x0000000705000000, 0x0000000704f00000| Untracked 
|  60|0x0000000705000000, 0x0000000705100000, 0x0000000705100000|100%| O|  |TAMS 0x0000000705100000, 0x0000000705000000| Untracked 
|  61|0x0000000705100000, 0x0000000705200000, 0x0000000705200000|100%| O|  |TAMS 0x0000000705200000, 0x0000000705100000| Untracked 
|  62|0x0000000705200000, 0x0000000705300000, 0x0000000705300000|100%| O|  |TAMS 0x0000000705300000, 0x0000000705200000| Untracked 
|  63|0x0000000705300000, 0x0000000705400000, 0x0000000705400000|100%| O|  |TAMS 0x0000000705400000, 0x0000000705300000| Untracked 
|  64|0x0000000705400000, 0x0000000705500000, 0x0000000705500000|100%| O|  |TAMS 0x0000000705500000, 0x0000000705400000| Untracked 
|  65|0x0000000705500000, 0x0000000705600000, 0x0000000705600000|100%| O|  |TAMS 0x0000000705600000, 0x0000000705500000| Untracked 
|  66|0x0000000705600000, 0x0000000705700000, 0x0000000705700000|100%| O|  |TAMS 0x0000000705700000, 0x0000000705600000| Untracked 
|  67|0x0000000705700000, 0x0000000705800000, 0x0000000705800000|100%| O|  |TAMS 0x0000000705800000, 0x0000000705700000| Untracked 
|  68|0x0000000705800000, 0x0000000705900000, 0x0000000705900000|100%| O|  |TAMS 0x0000000705900000, 0x0000000705800000| Untracked 
|  69|0x0000000705900000, 0x0000000705a00000, 0x0000000705a00000|100%| O|  |TAMS 0x0000000705a00000, 0x0000000705900000| Untracked 
|  70|0x0000000705a00000, 0x0000000705b00000, 0x0000000705b00000|100%| O|  |TAMS 0x0000000705b00000, 0x0000000705a00000| Untracked 
|  71|0x0000000705b00000, 0x0000000705c00000, 0x0000000705c00000|100%| O|  |TAMS 0x0000000705c00000, 0x0000000705b00000| Untracked 
|  72|0x0000000705c00000, 0x0000000705d00000, 0x0000000705d00000|100%| O|  |TAMS 0x0000000705d00000, 0x0000000705c00000| Untracked 
|  73|0x0000000705d00000, 0x0000000705e00000, 0x0000000705e00000|100%| O|  |TAMS 0x0000000705e00000, 0x0000000705d00000| Untracked 
|  74|0x0000000705e00000, 0x0000000705f00000, 0x0000000705f00000|100%| O|  |TAMS 0x0000000705f00000, 0x0000000705e00000| Untracked 
|  75|0x0000000705f00000, 0x0000000706000000, 0x0000000706000000|100%| O|  |TAMS 0x0000000706000000, 0x0000000705f00000| Untracked 
|  76|0x0000000706000000, 0x0000000706100000, 0x0000000706100000|100%| O|  |TAMS 0x0000000706100000, 0x0000000706000000| Untracked 
|  77|0x0000000706100000, 0x0000000706200000, 0x0000000706200000|100%| O|  |TAMS 0x0000000706200000, 0x0000000706100000| Untracked 
|  78|0x0000000706200000, 0x0000000706300000, 0x0000000706300000|100%| O|  |TAMS 0x0000000706300000, 0x0000000706200000| Untracked 
|  79|0x0000000706300000, 0x0000000706400000, 0x0000000706400000|100%| O|  |TAMS 0x0000000706400000, 0x0000000706300000| Untracked 
|  80|0x0000000706400000, 0x0000000706500000, 0x0000000706500000|100%| O|  |TAMS 0x0000000706500000, 0x0000000706400000| Untracked 
|  81|0x0000000706500000, 0x0000000706600000, 0x0000000706600000|100%| O|  |TAMS 0x0000000706600000, 0x0000000706500000| Untracked 
|  82|0x0000000706600000, 0x0000000706700000, 0x0000000706700000|100%| O|  |TAMS 0x0000000706700000, 0x0000000706600000| Untracked 
|  83|0x0000000706700000, 0x0000000706800000, 0x0000000706800000|100%| O|  |TAMS 0x0000000706800000, 0x0000000706700000| Untracked 
|  84|0x0000000706800000, 0x0000000706900000, 0x0000000706900000|100%| O|  |TAMS 0x0000000706900000, 0x0000000706800000| Untracked 
|  85|0x0000000706900000, 0x0000000706a00000, 0x0000000706a00000|100%| O|  |TAMS 0x0000000706a00000, 0x0000000706900000| Untracked 
|  86|0x0000000706a00000, 0x0000000706b00000, 0x0000000706b00000|100%| O|  |TAMS 0x0000000706b00000, 0x0000000706a00000| Untracked 
|  87|0x0000000706b00000, 0x0000000706c00000, 0x0000000706c00000|100%| O|  |TAMS 0x0000000706c00000, 0x0000000706b00000| Untracked 
|  88|0x0000000706c00000, 0x0000000706d00000, 0x0000000706d00000|100%| O|  |TAMS 0x0000000706d00000, 0x0000000706c00000| Untracked 
|  89|0x0000000706d00000, 0x0000000706e00000, 0x0000000706e00000|100%| O|  |TAMS 0x0000000706e00000, 0x0000000706d00000| Untracked 
|  90|0x0000000706e00000, 0x0000000706f00000, 0x0000000706f00000|100%| O|  |TAMS 0x0000000706f00000, 0x0000000706e00000| Untracked 
|  91|0x0000000706f00000, 0x0000000707000000, 0x0000000707000000|100%| O|  |TAMS 0x0000000707000000, 0x0000000706f00000| Untracked 
|  92|0x0000000707000000, 0x0000000707100000, 0x0000000707100000|100%| O|  |TAMS 0x00000007070f9c00, 0x0000000707000000| Untracked 
|  93|0x0000000707100000, 0x0000000707200000, 0x0000000707200000|100%|HS|  |TAMS 0x0000000707100000, 0x0000000707100000| Complete 
|  94|0x0000000707200000, 0x0000000707300000, 0x0000000707300000|100%|HS|  |TAMS 0x0000000707200000, 0x0000000707200000| Complete 
|  95|0x0000000707300000, 0x0000000707400000, 0x0000000707400000|100%|HS|  |TAMS 0x0000000707300000, 0x0000000707300000| Complete 
|  96|0x0000000707400000, 0x0000000707500000, 0x0000000707500000|100%| O|  |TAMS 0x0000000707400000, 0x0000000707400000| Untracked 
|  97|0x0000000707500000, 0x0000000707600000, 0x0000000707600000|100%| O|  |TAMS 0x0000000707500000, 0x0000000707500000| Untracked 
|  98|0x0000000707600000, 0x0000000707700000, 0x0000000707700000|100%| O|  |TAMS 0x0000000707600000, 0x0000000707600000| Untracked 
|  99|0x0000000707700000, 0x0000000707800000, 0x0000000707800000|100%| O|  |TAMS 0x0000000707700000, 0x0000000707700000| Untracked 
| 100|0x0000000707800000, 0x0000000707900000, 0x0000000707900000|100%| O|  |TAMS 0x0000000707800000, 0x0000000707800000| Untracked 
| 101|0x0000000707900000, 0x0000000707a00000, 0x0000000707a00000|100%| O|  |TAMS 0x0000000707900000, 0x0000000707900000| Untracked 
| 102|0x0000000707a00000, 0x0000000707b00000, 0x0000000707b00000|100%| O|  |TAMS 0x0000000707a00000, 0x0000000707a00000| Untracked 
| 103|0x0000000707b00000, 0x0000000707c00000, 0x0000000707c00000|100%| O|  |TAMS 0x0000000707b00000, 0x0000000707b00000| Untracked 
| 104|0x0000000707c00000, 0x0000000707d00000, 0x0000000707d00000|100%| O|  |TAMS 0x0000000707c00000, 0x0000000707c00000| Untracked 
| 105|0x0000000707d00000, 0x0000000707e00000, 0x0000000707e00000|100%| O|  |TAMS 0x0000000707d00000, 0x0000000707d00000| Untracked 
| 106|0x0000000707e00000, 0x0000000707f00000, 0x0000000707f00000|100%| O|  |TAMS 0x0000000707e00000, 0x0000000707e00000| Untracked 
| 107|0x0000000707f00000, 0x0000000708000000, 0x0000000708000000|100%| O|  |TAMS 0x0000000707f00000, 0x0000000707f00000| Untracked 
| 108|0x0000000708000000, 0x0000000708100000, 0x0000000708100000|100%| O|  |TAMS 0x0000000708000000, 0x0000000708000000| Untracked 
| 109|0x0000000708100000, 0x0000000708200000, 0x0000000708200000|100%| O|  |TAMS 0x0000000708100000, 0x0000000708100000| Untracked 
| 110|0x0000000708200000, 0x0000000708300000, 0x0000000708300000|100%| O|  |TAMS 0x0000000708200000, 0x0000000708200000| Untracked 
| 111|0x0000000708300000, 0x0000000708400000, 0x0000000708400000|100%| O|  |TAMS 0x0000000708300000, 0x0000000708300000| Untracked 
| 112|0x0000000708400000, 0x0000000708500000, 0x0000000708500000|100%| O|  |TAMS 0x0000000708400000, 0x0000000708400000| Untracked 
| 113|0x0000000708500000, 0x0000000708600000, 0x0000000708600000|100%| O|  |TAMS 0x0000000708500000, 0x0000000708500000| Untracked 
| 114|0x0000000708600000, 0x0000000708700000, 0x0000000708700000|100%| O|  |TAMS 0x0000000708600000, 0x0000000708600000| Untracked 
| 115|0x0000000708700000, 0x0000000708800000, 0x0000000708800000|100%| O|  |TAMS 0x0000000708700000, 0x0000000708700000| Untracked 
| 116|0x0000000708800000, 0x0000000708900000, 0x0000000708900000|100%| O|  |TAMS 0x0000000708800000, 0x0000000708800000| Untracked 
| 117|0x0000000708900000, 0x0000000708a00000, 0x0000000708a00000|100%| O|  |TAMS 0x0000000708900000, 0x0000000708900000| Untracked 
| 118|0x0000000708a00000, 0x0000000708b00000, 0x0000000708b00000|100%| O|  |TAMS 0x0000000708a00000, 0x0000000708a00000| Untracked 
| 119|0x0000000708b00000, 0x0000000708c00000, 0x0000000708c00000|100%| O|  |TAMS 0x0000000708b00000, 0x0000000708b00000| Untracked 
| 120|0x0000000708c00000, 0x0000000708d00000, 0x0000000708d00000|100%| O|  |TAMS 0x0000000708c00000, 0x0000000708c00000| Untracked 
| 121|0x0000000708d00000, 0x0000000708e00000, 0x0000000708e00000|100%| O|  |TAMS 0x0000000708d00000, 0x0000000708d00000| Untracked 
| 122|0x0000000708e00000, 0x0000000708f00000, 0x0000000708f00000|100%| O|  |TAMS 0x0000000708e00000, 0x0000000708e00000| Untracked 
| 123|0x0000000708f00000, 0x0000000708ffb800, 0x0000000709000000| 98%| O|  |TAMS 0x0000000708f00000, 0x0000000708f00000| Untracked 
| 124|0x0000000709000000, 0x0000000709100000, 0x0000000709100000|100%|HS|  |TAMS 0x0000000709000000, 0x0000000709000000| Complete 
| 125|0x0000000709100000, 0x0000000709200000, 0x0000000709200000|100%|HC|  |TAMS 0x0000000709100000, 0x0000000709100000| Complete 
| 126|0x0000000709200000, 0x0000000709300000, 0x0000000709300000|100%|HS|  |TAMS 0x0000000709200000, 0x0000000709200000| Complete 
| 127|0x0000000709300000, 0x0000000709300000, 0x0000000709400000|  0%| F|  |TAMS 0x0000000709300000, 0x0000000709300000| Untracked 
| 128|0x0000000709400000, 0x0000000709400000, 0x0000000709500000|  0%| F|  |TAMS 0x0000000709400000, 0x0000000709400000| Untracked 
| 129|0x0000000709500000, 0x0000000709500000, 0x0000000709600000|  0%| F|  |TAMS 0x0000000709500000, 0x0000000709500000| Untracked 
| 130|0x0000000709600000, 0x0000000709600000, 0x0000000709700000|  0%| F|  |TAMS 0x0000000709600000, 0x0000000709600000| Untracked 
| 131|0x0000000709700000, 0x0000000709700000, 0x0000000709800000|  0%| F|  |TAMS 0x0000000709700000, 0x0000000709700000| Untracked 
| 132|0x0000000709800000, 0x0000000709800000, 0x0000000709900000|  0%| F|  |TAMS 0x0000000709800000, 0x0000000709800000| Untracked 
| 133|0x0000000709900000, 0x0000000709900000, 0x0000000709a00000|  0%| F|  |TAMS 0x0000000709900000, 0x0000000709900000| Untracked 
| 134|0x0000000709a00000, 0x0000000709a00000, 0x0000000709b00000|  0%| F|  |TAMS 0x0000000709a00000, 0x0000000709a00000| Untracked 
| 135|0x0000000709b00000, 0x0000000709b00000, 0x0000000709c00000|  0%| F|  |TAMS 0x0000000709b00000, 0x0000000709b00000| Untracked 
| 136|0x0000000709c00000, 0x0000000709c00000, 0x0000000709d00000|  0%| F|  |TAMS 0x0000000709c00000, 0x0000000709c00000| Untracked 
| 137|0x0000000709d00000, 0x0000000709d00000, 0x0000000709e00000|  0%| F|  |TAMS 0x0000000709d00000, 0x0000000709d00000| Untracked 
| 138|0x0000000709e00000, 0x0000000709e00000, 0x0000000709f00000|  0%| F|  |TAMS 0x0000000709e00000, 0x0000000709e00000| Untracked 
| 139|0x0000000709f00000, 0x0000000709f00000, 0x000000070a000000|  0%| F|  |TAMS 0x0000000709f00000, 0x0000000709f00000| Untracked 
| 140|0x000000070a000000, 0x000000070a000000, 0x000000070a100000|  0%| F|  |TAMS 0x000000070a000000, 0x000000070a000000| Untracked 
| 141|0x000000070a100000, 0x000000070a100000, 0x000000070a200000|  0%| F|  |TAMS 0x000000070a100000, 0x000000070a100000| Untracked 
| 142|0x000000070a200000, 0x000000070a200000, 0x000000070a300000|  0%| F|  |TAMS 0x000000070a200000, 0x000000070a200000| Untracked 
| 143|0x000000070a300000, 0x000000070a300000, 0x000000070a400000|  0%| F|  |TAMS 0x000000070a300000, 0x000000070a300000| Untracked 
| 144|0x000000070a400000, 0x000000070a400000, 0x000000070a500000|  0%| F|  |TAMS 0x000000070a400000, 0x000000070a400000| Untracked 
| 145|0x000000070a500000, 0x000000070a500000, 0x000000070a600000|  0%| F|  |TAMS 0x000000070a500000, 0x000000070a500000| Untracked 
| 146|0x000000070a600000, 0x000000070a600000, 0x000000070a700000|  0%| F|  |TAMS 0x000000070a600000, 0x000000070a600000| Untracked 
| 147|0x000000070a700000, 0x000000070a700000, 0x000000070a800000|  0%| F|  |TAMS 0x000000070a700000, 0x000000070a700000| Untracked 
| 148|0x000000070a800000, 0x000000070a800000, 0x000000070a900000|  0%| F|  |TAMS 0x000000070a800000, 0x000000070a800000| Untracked 
| 149|0x000000070a900000, 0x000000070a900000, 0x000000070aa00000|  0%| F|  |TAMS 0x000000070a900000, 0x000000070a900000| Untracked 
| 150|0x000000070aa00000, 0x000000070aa00000, 0x000000070ab00000|  0%| F|  |TAMS 0x000000070aa00000, 0x000000070aa00000| Untracked 
| 151|0x000000070ab00000, 0x000000070ab00000, 0x000000070ac00000|  0%| F|  |TAMS 0x000000070ab00000, 0x000000070ab00000| Untracked 
| 152|0x000000070ac00000, 0x000000070ac00000, 0x000000070ad00000|  0%| F|  |TAMS 0x000000070ac00000, 0x000000070ac00000| Untracked 
| 153|0x000000070ad00000, 0x000000070ad00000, 0x000000070ae00000|  0%| F|  |TAMS 0x000000070ad00000, 0x000000070ad00000| Untracked 
| 154|0x000000070ae00000, 0x000000070ae00000, 0x000000070af00000|  0%| F|  |TAMS 0x000000070ae00000, 0x000000070ae00000| Untracked 
| 155|0x000000070af00000, 0x000000070af00000, 0x000000070b000000|  0%| F|  |TAMS 0x000000070af00000, 0x000000070af00000| Untracked 
| 156|0x000000070b000000, 0x000000070b000000, 0x000000070b100000|  0%| F|  |TAMS 0x000000070b000000, 0x000000070b000000| Untracked 
| 157|0x000000070b100000, 0x000000070b100000, 0x000000070b200000|  0%| F|  |TAMS 0x000000070b100000, 0x000000070b100000| Untracked 
| 158|0x000000070b200000, 0x000000070b200000, 0x000000070b300000|  0%| F|  |TAMS 0x000000070b200000, 0x000000070b200000| Untracked 
| 159|0x000000070b300000, 0x000000070b300000, 0x000000070b400000|  0%| F|  |TAMS 0x000000070b300000, 0x000000070b300000| Untracked 
| 160|0x000000070b400000, 0x000000070b400000, 0x000000070b500000|  0%| F|  |TAMS 0x000000070b400000, 0x000000070b400000| Untracked 
| 161|0x000000070b500000, 0x000000070b500000, 0x000000070b600000|  0%| F|  |TAMS 0x000000070b500000, 0x000000070b500000| Untracked 
| 162|0x000000070b600000, 0x000000070b600000, 0x000000070b700000|  0%| F|  |TAMS 0x000000070b600000, 0x000000070b600000| Untracked 
| 163|0x000000070b700000, 0x000000070b700000, 0x000000070b800000|  0%| F|  |TAMS 0x000000070b700000, 0x000000070b700000| Untracked 
| 164|0x000000070b800000, 0x000000070b800000, 0x000000070b900000|  0%| F|  |TAMS 0x000000070b800000, 0x000000070b800000| Untracked 
| 165|0x000000070b900000, 0x000000070b900000, 0x000000070ba00000|  0%| F|  |TAMS 0x000000070b900000, 0x000000070b900000| Untracked 
| 166|0x000000070ba00000, 0x000000070ba00000, 0x000000070bb00000|  0%| F|  |TAMS 0x000000070ba00000, 0x000000070ba00000| Untracked 
| 167|0x000000070bb00000, 0x000000070bb00000, 0x000000070bc00000|  0%| F|  |TAMS 0x000000070bb00000, 0x000000070bb00000| Untracked 
| 168|0x000000070bc00000, 0x000000070bc00000, 0x000000070bd00000|  0%| F|  |TAMS 0x000000070bc00000, 0x000000070bc00000| Untracked 
| 169|0x000000070bd00000, 0x000000070bd00000, 0x000000070be00000|  0%| F|  |TAMS 0x000000070bd00000, 0x000000070bd00000| Untracked 
| 170|0x000000070be00000, 0x000000070be00000, 0x000000070bf00000|  0%| F|  |TAMS 0x000000070be00000, 0x000000070be00000| Untracked 
| 171|0x000000070bf00000, 0x000000070bf00000, 0x000000070c000000|  0%| F|  |TAMS 0x000000070bf00000, 0x000000070bf00000| Untracked 
| 172|0x000000070c000000, 0x000000070c000000, 0x000000070c100000|  0%| F|  |TAMS 0x000000070c000000, 0x000000070c000000| Untracked 
| 173|0x000000070c100000, 0x000000070c100000, 0x000000070c200000|  0%| F|  |TAMS 0x000000070c100000, 0x000000070c100000| Untracked 
| 174|0x000000070c200000, 0x000000070c200000, 0x000000070c300000|  0%| F|  |TAMS 0x000000070c200000, 0x000000070c200000| Untracked 
| 175|0x000000070c300000, 0x000000070c300000, 0x000000070c400000|  0%| F|  |TAMS 0x000000070c300000, 0x000000070c300000| Untracked 
| 176|0x000000070c400000, 0x000000070c400000, 0x000000070c500000|  0%| F|  |TAMS 0x000000070c400000, 0x000000070c400000| Untracked 
| 177|0x000000070c500000, 0x000000070c500000, 0x000000070c600000|  0%| F|  |TAMS 0x000000070c500000, 0x000000070c500000| Untracked 
| 178|0x000000070c600000, 0x000000070c600000, 0x000000070c700000|  0%| F|  |TAMS 0x000000070c600000, 0x000000070c600000| Untracked 
| 179|0x000000070c700000, 0x000000070c700000, 0x000000070c800000|  0%| F|  |TAMS 0x000000070c700000, 0x000000070c700000| Untracked 
| 180|0x000000070c800000, 0x000000070c800000, 0x000000070c900000|  0%| F|  |TAMS 0x000000070c800000, 0x000000070c800000| Untracked 
| 181|0x000000070c900000, 0x000000070c900000, 0x000000070ca00000|  0%| F|  |TAMS 0x000000070c900000, 0x000000070c900000| Untracked 
| 182|0x000000070ca00000, 0x000000070ca00000, 0x000000070cb00000|  0%| F|  |TAMS 0x000000070ca00000, 0x000000070ca00000| Untracked 
| 183|0x000000070cb00000, 0x000000070cb00000, 0x000000070cc00000|  0%| F|  |TAMS 0x000000070cb00000, 0x000000070cb00000| Untracked 
| 184|0x000000070cc00000, 0x000000070cc00000, 0x000000070cd00000|  0%| F|  |TAMS 0x000000070cc00000, 0x000000070cc00000| Untracked 
| 185|0x000000070cd00000, 0x000000070cd00000, 0x000000070ce00000|  0%| F|  |TAMS 0x000000070cd00000, 0x000000070cd00000| Untracked 
| 186|0x000000070ce00000, 0x000000070ce00000, 0x000000070cf00000|  0%| F|  |TAMS 0x000000070ce00000, 0x000000070ce00000| Untracked 
| 187|0x000000070cf00000, 0x000000070cf00000, 0x000000070d000000|  0%| F|  |TAMS 0x000000070cf00000, 0x000000070cf00000| Untracked 
| 188|0x000000070d000000, 0x000000070d000000, 0x000000070d100000|  0%| F|  |TAMS 0x000000070d000000, 0x000000070d000000| Untracked 
| 189|0x000000070d100000, 0x000000070d100000, 0x000000070d200000|  0%| F|  |TAMS 0x000000070d100000, 0x000000070d100000| Untracked 
| 190|0x000000070d200000, 0x000000070d200000, 0x000000070d300000|  0%| F|  |TAMS 0x000000070d200000, 0x000000070d200000| Untracked 
| 191|0x000000070d300000, 0x000000070d300000, 0x000000070d400000|  0%| F|  |TAMS 0x000000070d300000, 0x000000070d300000| Untracked 
| 192|0x000000070d400000, 0x000000070d400000, 0x000000070d500000|  0%| F|  |TAMS 0x000000070d400000, 0x000000070d400000| Untracked 
| 193|0x000000070d500000, 0x000000070d500000, 0x000000070d600000|  0%| F|  |TAMS 0x000000070d500000, 0x000000070d500000| Untracked 
| 194|0x000000070d600000, 0x000000070d600000, 0x000000070d700000|  0%| F|  |TAMS 0x000000070d600000, 0x000000070d600000| Untracked 
| 195|0x000000070d700000, 0x000000070d700000, 0x000000070d800000|  0%| F|  |TAMS 0x000000070d700000, 0x000000070d700000| Untracked 
| 196|0x000000070d800000, 0x000000070d800000, 0x000000070d900000|  0%| F|  |TAMS 0x000000070d800000, 0x000000070d800000| Untracked 
| 197|0x000000070d900000, 0x000000070d900000, 0x000000070da00000|  0%| F|  |TAMS 0x000000070d900000, 0x000000070d900000| Untracked 
| 198|0x000000070da00000, 0x000000070da00000, 0x000000070db00000|  0%| F|  |TAMS 0x000000070da00000, 0x000000070da00000| Untracked 
| 199|0x000000070db00000, 0x000000070db00000, 0x000000070dc00000|  0%| F|  |TAMS 0x000000070db00000, 0x000000070db00000| Untracked 
| 200|0x000000070dc00000, 0x000000070dc00000, 0x000000070dd00000|  0%| F|  |TAMS 0x000000070dc00000, 0x000000070dc00000| Untracked 
| 201|0x000000070dd00000, 0x000000070dd00000, 0x000000070de00000|  0%| F|  |TAMS 0x000000070dd00000, 0x000000070dd00000| Untracked 
| 202|0x000000070de00000, 0x000000070de00000, 0x000000070df00000|  0%| F|  |TAMS 0x000000070de00000, 0x000000070de00000| Untracked 
| 203|0x000000070df00000, 0x000000070df00000, 0x000000070e000000|  0%| F|  |TAMS 0x000000070df00000, 0x000000070df00000| Untracked 
| 204|0x000000070e000000, 0x000000070e000000, 0x000000070e100000|  0%| F|  |TAMS 0x000000070e000000, 0x000000070e000000| Untracked 
| 205|0x000000070e100000, 0x000000070e100000, 0x000000070e200000|  0%| F|  |TAMS 0x000000070e100000, 0x000000070e100000| Untracked 
| 206|0x000000070e200000, 0x000000070e200000, 0x000000070e300000|  0%| F|  |TAMS 0x000000070e200000, 0x000000070e200000| Untracked 
| 207|0x000000070e300000, 0x000000070e300000, 0x000000070e400000|  0%| F|  |TAMS 0x000000070e300000, 0x000000070e300000| Untracked 
| 208|0x000000070e400000, 0x000000070e400000, 0x000000070e500000|  0%| F|  |TAMS 0x000000070e400000, 0x000000070e400000| Untracked 
| 209|0x000000070e500000, 0x000000070e500000, 0x000000070e600000|  0%| F|  |TAMS 0x000000070e500000, 0x000000070e500000| Untracked 
| 210|0x000000070e600000, 0x000000070e600000, 0x000000070e700000|  0%| F|  |TAMS 0x000000070e600000, 0x000000070e600000| Untracked 
| 211|0x000000070e700000, 0x000000070e700000, 0x000000070e800000|  0%| F|  |TAMS 0x000000070e700000, 0x000000070e700000| Untracked 
| 212|0x000000070e800000, 0x000000070e800000, 0x000000070e900000|  0%| F|  |TAMS 0x000000070e800000, 0x000000070e800000| Untracked 
| 213|0x000000070e900000, 0x000000070e900000, 0x000000070ea00000|  0%| F|  |TAMS 0x000000070e900000, 0x000000070e900000| Untracked 
| 214|0x000000070ea00000, 0x000000070ea00000, 0x000000070eb00000|  0%| F|  |TAMS 0x000000070ea00000, 0x000000070ea00000| Untracked 
| 215|0x000000070eb00000, 0x000000070eb00000, 0x000000070ec00000|  0%| F|  |TAMS 0x000000070eb00000, 0x000000070eb00000| Untracked 
| 216|0x000000070ec00000, 0x000000070ec00000, 0x000000070ed00000|  0%| F|  |TAMS 0x000000070ec00000, 0x000000070ec00000| Untracked 
| 217|0x000000070ed00000, 0x000000070ed00000, 0x000000070ee00000|  0%| F|  |TAMS 0x000000070ed00000, 0x000000070ed00000| Untracked 
| 218|0x000000070ee00000, 0x000000070ee00000, 0x000000070ef00000|  0%| F|  |TAMS 0x000000070ee00000, 0x000000070ee00000| Untracked 
| 219|0x000000070ef00000, 0x000000070ef00000, 0x000000070f000000|  0%| F|  |TAMS 0x000000070ef00000, 0x000000070ef00000| Untracked 
| 220|0x000000070f000000, 0x000000070f000000, 0x000000070f100000|  0%| F|  |TAMS 0x000000070f000000, 0x000000070f000000| Untracked 
| 221|0x000000070f100000, 0x000000070f100000, 0x000000070f200000|  0%| F|  |TAMS 0x000000070f100000, 0x000000070f100000| Untracked 
| 222|0x000000070f200000, 0x000000070f200000, 0x000000070f300000|  0%| F|  |TAMS 0x000000070f200000, 0x000000070f200000| Untracked 
| 223|0x000000070f300000, 0x000000070f300000, 0x000000070f400000|  0%| F|  |TAMS 0x000000070f300000, 0x000000070f300000| Untracked 
| 224|0x000000070f400000, 0x000000070f400000, 0x000000070f500000|  0%| F|  |TAMS 0x000000070f400000, 0x000000070f400000| Untracked 
| 225|0x000000070f500000, 0x000000070f500000, 0x000000070f600000|  0%| F|  |TAMS 0x000000070f500000, 0x000000070f500000| Untracked 
| 226|0x000000070f600000, 0x000000070f600000, 0x000000070f700000|  0%| F|  |TAMS 0x000000070f600000, 0x000000070f600000| Untracked 
| 227|0x000000070f700000, 0x000000070f700000, 0x000000070f800000|  0%| F|  |TAMS 0x000000070f700000, 0x000000070f700000| Untracked 
| 228|0x000000070f800000, 0x000000070f800000, 0x000000070f900000|  0%| F|  |TAMS 0x000000070f800000, 0x000000070f800000| Untracked 
| 229|0x000000070f900000, 0x000000070f900000, 0x000000070fa00000|  0%| F|  |TAMS 0x000000070f900000, 0x000000070f900000| Untracked 
| 230|0x000000070fa00000, 0x000000070fa00000, 0x000000070fb00000|  0%| F|  |TAMS 0x000000070fa00000, 0x000000070fa00000| Untracked 
| 231|0x000000070fb00000, 0x000000070fb00000, 0x000000070fc00000|  0%| F|  |TAMS 0x000000070fb00000, 0x000000070fb00000| Untracked 
| 232|0x000000070fc00000, 0x000000070fc00000, 0x000000070fd00000|  0%| F|  |TAMS 0x000000070fc00000, 0x000000070fc00000| Untracked 
| 233|0x000000070fd00000, 0x000000070fd00000, 0x000000070fe00000|  0%| F|  |TAMS 0x000000070fd00000, 0x000000070fd00000| Untracked 
| 234|0x000000070fe00000, 0x000000070fe00000, 0x000000070ff00000|  0%| F|  |TAMS 0x000000070fe00000, 0x000000070fe00000| Untracked 
| 235|0x000000070ff00000, 0x000000070ff00000, 0x0000000710000000|  0%| F|  |TAMS 0x000000070ff00000, 0x000000070ff00000| Untracked 
| 236|0x0000000710000000, 0x0000000710000000, 0x0000000710100000|  0%| F|  |TAMS 0x0000000710000000, 0x0000000710000000| Untracked 
| 237|0x0000000710100000, 0x0000000710100000, 0x0000000710200000|  0%| F|  |TAMS 0x0000000710100000, 0x0000000710100000| Untracked 
| 238|0x0000000710200000, 0x0000000710200000, 0x0000000710300000|  0%| F|  |TAMS 0x0000000710200000, 0x0000000710200000| Untracked 
| 239|0x0000000710300000, 0x0000000710300000, 0x0000000710400000|  0%| F|  |TAMS 0x0000000710300000, 0x0000000710300000| Untracked 
| 240|0x0000000710400000, 0x0000000710400000, 0x0000000710500000|  0%| F|  |TAMS 0x0000000710400000, 0x0000000710400000| Untracked 
| 241|0x0000000710500000, 0x0000000710500000, 0x0000000710600000|  0%| F|  |TAMS 0x0000000710500000, 0x0000000710500000| Untracked 
| 242|0x0000000710600000, 0x0000000710600000, 0x0000000710700000|  0%| F|  |TAMS 0x0000000710600000, 0x0000000710600000| Untracked 
| 243|0x0000000710700000, 0x0000000710700000, 0x0000000710800000|  0%| F|  |TAMS 0x0000000710700000, 0x0000000710700000| Untracked 
| 244|0x0000000710800000, 0x0000000710900000, 0x0000000710900000|100%| S|CS|TAMS 0x0000000710800000, 0x0000000710800000| Complete 
| 245|0x0000000710900000, 0x0000000710a00000, 0x0000000710a00000|100%| S|CS|TAMS 0x0000000710900000, 0x0000000710900000| Complete 
| 246|0x0000000710a00000, 0x0000000710b00000, 0x0000000710b00000|100%| S|CS|TAMS 0x0000000710a00000, 0x0000000710a00000| Complete 
| 247|0x0000000710b00000, 0x0000000710c00000, 0x0000000710c00000|100%| S|CS|TAMS 0x0000000710b00000, 0x0000000710b00000| Complete 
| 248|0x0000000710c00000, 0x0000000710d00000, 0x0000000710d00000|100%| S|CS|TAMS 0x0000000710c00000, 0x0000000710c00000| Complete 
| 249|0x0000000710d00000, 0x0000000710e00000, 0x0000000710e00000|100%| S|CS|TAMS 0x0000000710d00000, 0x0000000710d00000| Complete 
| 250|0x0000000710e00000, 0x0000000710f00000, 0x0000000710f00000|100%| S|CS|TAMS 0x0000000710e00000, 0x0000000710e00000| Complete 
| 251|0x0000000710f00000, 0x0000000711000000, 0x0000000711000000|100%| S|CS|TAMS 0x0000000710f00000, 0x0000000710f00000| Complete 
| 252|0x0000000711000000, 0x0000000711100000, 0x0000000711100000|100%| S|CS|TAMS 0x0000000711000000, 0x0000000711000000| Complete 
| 253|0x0000000711100000, 0x0000000711200000, 0x0000000711200000|100%| S|CS|TAMS 0x0000000711100000, 0x0000000711100000| Complete 
| 254|0x0000000711200000, 0x0000000711300000, 0x0000000711300000|100%| S|CS|TAMS 0x0000000711200000, 0x0000000711200000| Complete 
| 255|0x0000000711300000, 0x0000000711400000, 0x0000000711400000|100%| S|CS|TAMS 0x0000000711300000, 0x0000000711300000| Complete 
| 256|0x0000000711400000, 0x0000000711500000, 0x0000000711500000|100%| S|CS|TAMS 0x0000000711400000, 0x0000000711400000| Complete 
| 257|0x0000000711500000, 0x0000000711600000, 0x0000000711600000|100%| S|CS|TAMS 0x0000000711500000, 0x0000000711500000| Complete 
| 258|0x0000000711600000, 0x0000000711700000, 0x0000000711700000|100%| S|CS|TAMS 0x0000000711600000, 0x0000000711600000| Complete 
| 259|0x0000000711700000, 0x0000000711800000, 0x0000000711800000|100%| S|CS|TAMS 0x0000000711700000, 0x0000000711700000| Complete 
| 260|0x0000000711800000, 0x0000000711800000, 0x0000000711900000|  0%| F|  |TAMS 0x0000000711800000, 0x0000000711800000| Untracked 
| 261|0x0000000711900000, 0x0000000711900000, 0x0000000711a00000|  0%| F|  |TAMS 0x0000000711900000, 0x0000000711900000| Untracked 
| 262|0x0000000711a00000, 0x0000000711a00000, 0x0000000711b00000|  0%| F|  |TAMS 0x0000000711a00000, 0x0000000711a00000| Untracked 
| 263|0x0000000711b00000, 0x0000000711b00000, 0x0000000711c00000|  0%| F|  |TAMS 0x0000000711b00000, 0x0000000711b00000| Untracked 
| 264|0x0000000711c00000, 0x0000000711c00000, 0x0000000711d00000|  0%| F|  |TAMS 0x0000000711c00000, 0x0000000711c00000| Untracked 
| 265|0x0000000711d00000, 0x0000000711d00000, 0x0000000711e00000|  0%| F|  |TAMS 0x0000000711d00000, 0x0000000711d00000| Untracked 
| 266|0x0000000711e00000, 0x0000000711e00000, 0x0000000711f00000|  0%| F|  |TAMS 0x0000000711e00000, 0x0000000711e00000| Untracked 
| 267|0x0000000711f00000, 0x0000000711f00000, 0x0000000712000000|  0%| F|  |TAMS 0x0000000711f00000, 0x0000000711f00000| Untracked 
| 268|0x0000000712000000, 0x0000000712000000, 0x0000000712100000|  0%| F|  |TAMS 0x0000000712000000, 0x0000000712000000| Untracked 
| 269|0x0000000712100000, 0x0000000712100000, 0x0000000712200000|  0%| F|  |TAMS 0x0000000712100000, 0x0000000712100000| Untracked 
| 270|0x0000000712200000, 0x0000000712200000, 0x0000000712300000|  0%| F|  |TAMS 0x0000000712200000, 0x0000000712200000| Untracked 
| 271|0x0000000712300000, 0x0000000712300000, 0x0000000712400000|  0%| F|  |TAMS 0x0000000712300000, 0x0000000712300000| Untracked 
| 272|0x0000000712400000, 0x0000000712400000, 0x0000000712500000|  0%| F|  |TAMS 0x0000000712400000, 0x0000000712400000| Untracked 
| 273|0x0000000712500000, 0x0000000712500000, 0x0000000712600000|  0%| F|  |TAMS 0x0000000712500000, 0x0000000712500000| Untracked 
| 274|0x0000000712600000, 0x0000000712600000, 0x0000000712700000|  0%| F|  |TAMS 0x0000000712600000, 0x0000000712600000| Untracked 
| 275|0x0000000712700000, 0x0000000712700000, 0x0000000712800000|  0%| F|  |TAMS 0x0000000712700000, 0x0000000712700000| Untracked 
| 276|0x0000000712800000, 0x0000000712800000, 0x0000000712900000|  0%| F|  |TAMS 0x0000000712800000, 0x0000000712800000| Untracked 
| 277|0x0000000712900000, 0x0000000712900000, 0x0000000712a00000|  0%| F|  |TAMS 0x0000000712900000, 0x0000000712900000| Untracked 
| 278|0x0000000712a00000, 0x0000000712a00000, 0x0000000712b00000|  0%| F|  |TAMS 0x0000000712a00000, 0x0000000712a00000| Untracked 
| 279|0x0000000712b00000, 0x0000000712b00000, 0x0000000712c00000|  0%| F|  |TAMS 0x0000000712b00000, 0x0000000712b00000| Untracked 
| 280|0x0000000712c00000, 0x0000000712c00000, 0x0000000712d00000|  0%| F|  |TAMS 0x0000000712c00000, 0x0000000712c00000| Untracked 
| 281|0x0000000712d00000, 0x0000000712d00000, 0x0000000712e00000|  0%| F|  |TAMS 0x0000000712d00000, 0x0000000712d00000| Untracked 
| 282|0x0000000712e00000, 0x0000000712e00000, 0x0000000712f00000|  0%| F|  |TAMS 0x0000000712e00000, 0x0000000712e00000| Untracked 
| 283|0x0000000712f00000, 0x0000000712f00000, 0x0000000713000000|  0%| F|  |TAMS 0x0000000712f00000, 0x0000000712f00000| Untracked 
| 284|0x0000000713000000, 0x0000000713000000, 0x0000000713100000|  0%| F|  |TAMS 0x0000000713000000, 0x0000000713000000| Untracked 
| 285|0x0000000713100000, 0x0000000713100000, 0x0000000713200000|  0%| F|  |TAMS 0x0000000713100000, 0x0000000713100000| Untracked 
| 286|0x0000000713200000, 0x0000000713200000, 0x0000000713300000|  0%| F|  |TAMS 0x0000000713200000, 0x0000000713200000| Untracked 
| 287|0x0000000713300000, 0x0000000713300000, 0x0000000713400000|  0%| F|  |TAMS 0x0000000713300000, 0x0000000713300000| Untracked 
| 288|0x0000000713400000, 0x0000000713400000, 0x0000000713500000|  0%| F|  |TAMS 0x0000000713400000, 0x0000000713400000| Untracked 
| 289|0x0000000713500000, 0x0000000713500000, 0x0000000713600000|  0%| F|  |TAMS 0x0000000713500000, 0x0000000713500000| Untracked 
| 290|0x0000000713600000, 0x0000000713600000, 0x0000000713700000|  0%| F|  |TAMS 0x0000000713600000, 0x0000000713600000| Untracked 
| 291|0x0000000713700000, 0x0000000713700000, 0x0000000713800000|  0%| F|  |TAMS 0x0000000713700000, 0x0000000713700000| Untracked 
| 292|0x0000000713800000, 0x0000000713800000, 0x0000000713900000|  0%| F|  |TAMS 0x0000000713800000, 0x0000000713800000| Untracked 
| 293|0x0000000713900000, 0x0000000713a00000, 0x0000000713a00000|100%| E|  |TAMS 0x0000000713900000, 0x0000000713900000| Complete 
| 294|0x0000000713a00000, 0x0000000713b00000, 0x0000000713b00000|100%| E|CS|TAMS 0x0000000713a00000, 0x0000000713a00000| Complete 
| 295|0x0000000713b00000, 0x0000000713c00000, 0x0000000713c00000|100%| E|CS|TAMS 0x0000000713b00000, 0x0000000713b00000| Complete 
| 296|0x0000000713c00000, 0x0000000713d00000, 0x0000000713d00000|100%| E|CS|TAMS 0x0000000713c00000, 0x0000000713c00000| Complete 
| 297|0x0000000713d00000, 0x0000000713e00000, 0x0000000713e00000|100%| E|CS|TAMS 0x0000000713d00000, 0x0000000713d00000| Complete 
| 298|0x0000000713e00000, 0x0000000713f00000, 0x0000000713f00000|100%| E|CS|TAMS 0x0000000713e00000, 0x0000000713e00000| Complete 
| 299|0x0000000713f00000, 0x0000000714000000, 0x0000000714000000|100%| E|CS|TAMS 0x0000000713f00000, 0x0000000713f00000| Complete 
| 300|0x0000000714000000, 0x0000000714100000, 0x0000000714100000|100%| E|CS|TAMS 0x0000000714000000, 0x0000000714000000| Complete 
| 301|0x0000000714100000, 0x0000000714200000, 0x0000000714200000|100%| E|CS|TAMS 0x0000000714100000, 0x0000000714100000| Complete 
| 302|0x0000000714200000, 0x0000000714300000, 0x0000000714300000|100%| E|CS|TAMS 0x0000000714200000, 0x0000000714200000| Complete 
| 303|0x0000000714300000, 0x0000000714400000, 0x0000000714400000|100%| E|CS|TAMS 0x0000000714300000, 0x0000000714300000| Complete 
| 304|0x0000000714400000, 0x0000000714500000, 0x0000000714500000|100%| E|CS|TAMS 0x0000000714400000, 0x0000000714400000| Complete 
| 305|0x0000000714500000, 0x0000000714600000, 0x0000000714600000|100%| E|CS|TAMS 0x0000000714500000, 0x0000000714500000| Complete 
| 306|0x0000000714600000, 0x0000000714700000, 0x0000000714700000|100%| E|CS|TAMS 0x0000000714600000, 0x0000000714600000| Complete 
| 307|0x0000000714700000, 0x0000000714800000, 0x0000000714800000|100%| E|CS|TAMS 0x0000000714700000, 0x0000000714700000| Complete 
| 308|0x0000000714800000, 0x0000000714900000, 0x0000000714900000|100%| E|CS|TAMS 0x0000000714800000, 0x0000000714800000| Complete 
| 309|0x0000000714900000, 0x0000000714a00000, 0x0000000714a00000|100%| E|CS|TAMS 0x0000000714900000, 0x0000000714900000| Complete 
| 310|0x0000000714a00000, 0x0000000714b00000, 0x0000000714b00000|100%| E|CS|TAMS 0x0000000714a00000, 0x0000000714a00000| Complete 
| 311|0x0000000714b00000, 0x0000000714c00000, 0x0000000714c00000|100%| E|CS|TAMS 0x0000000714b00000, 0x0000000714b00000| Complete 
| 312|0x0000000714c00000, 0x0000000714d00000, 0x0000000714d00000|100%| E|CS|TAMS 0x0000000714c00000, 0x0000000714c00000| Complete 
| 313|0x0000000714d00000, 0x0000000714e00000, 0x0000000714e00000|100%| E|CS|TAMS 0x0000000714d00000, 0x0000000714d00000| Complete 
| 314|0x0000000714e00000, 0x0000000714f00000, 0x0000000714f00000|100%| E|CS|TAMS 0x0000000714e00000, 0x0000000714e00000| Complete 
| 315|0x0000000714f00000, 0x0000000715000000, 0x0000000715000000|100%| E|CS|TAMS 0x0000000714f00000, 0x0000000714f00000| Complete 
| 316|0x0000000715000000, 0x0000000715100000, 0x0000000715100000|100%| E|CS|TAMS 0x0000000715000000, 0x0000000715000000| Complete 
| 317|0x0000000715100000, 0x0000000715200000, 0x0000000715200000|100%| E|CS|TAMS 0x0000000715100000, 0x0000000715100000| Complete 
| 318|0x0000000715200000, 0x0000000715300000, 0x0000000715300000|100%| E|CS|TAMS 0x0000000715200000, 0x0000000715200000| Complete 
| 319|0x0000000715300000, 0x0000000715400000, 0x0000000715400000|100%| E|CS|TAMS 0x0000000715300000, 0x0000000715300000| Complete 
| 320|0x0000000715400000, 0x0000000715500000, 0x0000000715500000|100%| E|  |TAMS 0x0000000715400000, 0x0000000715400000| Complete 
| 321|0x0000000715500000, 0x0000000715600000, 0x0000000715600000|100%| E|CS|TAMS 0x0000000715500000, 0x0000000715500000| Complete 
| 322|0x0000000715600000, 0x0000000715700000, 0x0000000715700000|100%| E|CS|TAMS 0x0000000715600000, 0x0000000715600000| Complete 
| 323|0x0000000715700000, 0x0000000715800000, 0x0000000715800000|100%| E|CS|TAMS 0x0000000715700000, 0x0000000715700000| Complete 
| 324|0x0000000715800000, 0x0000000715900000, 0x0000000715900000|100%| E|CS|TAMS 0x0000000715800000, 0x0000000715800000| Complete 
| 325|0x0000000715900000, 0x0000000715a00000, 0x0000000715a00000|100%| E|CS|TAMS 0x0000000715900000, 0x0000000715900000| Complete 
| 326|0x0000000715a00000, 0x0000000715b00000, 0x0000000715b00000|100%| E|CS|TAMS 0x0000000715a00000, 0x0000000715a00000| Complete 
| 327|0x0000000715b00000, 0x0000000715c00000, 0x0000000715c00000|100%| E|CS|TAMS 0x0000000715b00000, 0x0000000715b00000| Complete 
| 328|0x0000000715c00000, 0x0000000715d00000, 0x0000000715d00000|100%| E|CS|TAMS 0x0000000715c00000, 0x0000000715c00000| Complete 
| 329|0x0000000715d00000, 0x0000000715e00000, 0x0000000715e00000|100%| E|CS|TAMS 0x0000000715d00000, 0x0000000715d00000| Complete 
| 330|0x0000000715e00000, 0x0000000715f00000, 0x0000000715f00000|100%| E|CS|TAMS 0x0000000715e00000, 0x0000000715e00000| Complete 
| 331|0x0000000715f00000, 0x0000000716000000, 0x0000000716000000|100%| E|CS|TAMS 0x0000000715f00000, 0x0000000715f00000| Complete 
| 332|0x0000000716000000, 0x0000000716100000, 0x0000000716100000|100%| E|CS|TAMS 0x0000000716000000, 0x0000000716000000| Complete 
| 333|0x0000000716100000, 0x0000000716200000, 0x0000000716200000|100%| E|CS|TAMS 0x0000000716100000, 0x0000000716100000| Complete 
| 334|0x0000000716200000, 0x0000000716300000, 0x0000000716300000|100%| E|CS|TAMS 0x0000000716200000, 0x0000000716200000| Complete 
| 335|0x0000000716300000, 0x0000000716400000, 0x0000000716400000|100%| E|CS|TAMS 0x0000000716300000, 0x0000000716300000| Complete 
| 336|0x0000000716400000, 0x0000000716500000, 0x0000000716500000|100%| E|CS|TAMS 0x0000000716400000, 0x0000000716400000| Complete 
| 337|0x0000000716500000, 0x0000000716600000, 0x0000000716600000|100%| E|CS|TAMS 0x0000000716500000, 0x0000000716500000| Complete 
| 338|0x0000000716600000, 0x0000000716700000, 0x0000000716700000|100%| E|CS|TAMS 0x0000000716600000, 0x0000000716600000| Complete 
| 339|0x0000000716700000, 0x0000000716800000, 0x0000000716800000|100%| E|CS|TAMS 0x0000000716700000, 0x0000000716700000| Complete 
| 340|0x0000000716800000, 0x0000000716900000, 0x0000000716900000|100%| E|CS|TAMS 0x0000000716800000, 0x0000000716800000| Complete 
| 341|0x0000000716900000, 0x0000000716a00000, 0x0000000716a00000|100%| E|CS|TAMS 0x0000000716900000, 0x0000000716900000| Complete 
| 342|0x0000000716a00000, 0x0000000716b00000, 0x0000000716b00000|100%| E|CS|TAMS 0x0000000716a00000, 0x0000000716a00000| Complete 
| 343|0x0000000716b00000, 0x0000000716c00000, 0x0000000716c00000|100%| E|CS|TAMS 0x0000000716b00000, 0x0000000716b00000| Complete 
| 344|0x0000000716c00000, 0x0000000716d00000, 0x0000000716d00000|100%| E|CS|TAMS 0x0000000716c00000, 0x0000000716c00000| Complete 
| 345|0x0000000716d00000, 0x0000000716e00000, 0x0000000716e00000|100%| E|CS|TAMS 0x0000000716d00000, 0x0000000716d00000| Complete 
| 346|0x0000000716e00000, 0x0000000716f00000, 0x0000000716f00000|100%| E|CS|TAMS 0x0000000716e00000, 0x0000000716e00000| Complete 
| 347|0x0000000716f00000, 0x0000000717000000, 0x0000000717000000|100%| E|CS|TAMS 0x0000000716f00000, 0x0000000716f00000| Complete 
| 348|0x0000000717000000, 0x0000000717100000, 0x0000000717100000|100%| E|CS|TAMS 0x0000000717000000, 0x0000000717000000| Complete 
| 349|0x0000000717100000, 0x0000000717200000, 0x0000000717200000|100%| E|CS|TAMS 0x0000000717100000, 0x0000000717100000| Complete 
| 350|0x0000000717200000, 0x0000000717300000, 0x0000000717300000|100%| E|CS|TAMS 0x0000000717200000, 0x0000000717200000| Complete 
| 351|0x0000000717300000, 0x0000000717400000, 0x0000000717400000|100%| E|CS|TAMS 0x0000000717300000, 0x0000000717300000| Complete 
| 352|0x0000000717400000, 0x0000000717500000, 0x0000000717500000|100%| E|CS|TAMS 0x0000000717400000, 0x0000000717400000| Complete 
| 353|0x0000000717500000, 0x0000000717600000, 0x0000000717600000|100%| E|CS|TAMS 0x0000000717500000, 0x0000000717500000| Complete 
| 354|0x0000000717600000, 0x0000000717700000, 0x0000000717700000|100%| E|CS|TAMS 0x0000000717600000, 0x0000000717600000| Complete 
| 355|0x0000000717700000, 0x0000000717800000, 0x0000000717800000|100%| E|CS|TAMS 0x0000000717700000, 0x0000000717700000| Complete 
| 356|0x0000000717800000, 0x0000000717900000, 0x0000000717900000|100%| E|CS|TAMS 0x0000000717800000, 0x0000000717800000| Complete 
| 357|0x0000000717900000, 0x0000000717a00000, 0x0000000717a00000|100%| E|CS|TAMS 0x0000000717900000, 0x0000000717900000| Complete 
| 358|0x0000000717a00000, 0x0000000717b00000, 0x0000000717b00000|100%| E|CS|TAMS 0x0000000717a00000, 0x0000000717a00000| Complete 
| 359|0x0000000717b00000, 0x0000000717c00000, 0x0000000717c00000|100%| E|CS|TAMS 0x0000000717b00000, 0x0000000717b00000| Complete 
| 360|0x0000000717c00000, 0x0000000717d00000, 0x0000000717d00000|100%| E|CS|TAMS 0x0000000717c00000, 0x0000000717c00000| Complete 
| 361|0x0000000717d00000, 0x0000000717e00000, 0x0000000717e00000|100%| E|CS|TAMS 0x0000000717d00000, 0x0000000717d00000| Complete 
| 362|0x0000000717e00000, 0x0000000717f00000, 0x0000000717f00000|100%| E|CS|TAMS 0x0000000717e00000, 0x0000000717e00000| Complete 
| 363|0x0000000717f00000, 0x0000000718000000, 0x0000000718000000|100%| E|CS|TAMS 0x0000000717f00000, 0x0000000717f00000| Complete 
| 364|0x0000000718000000, 0x0000000718100000, 0x0000000718100000|100%| E|CS|TAMS 0x0000000718000000, 0x0000000718000000| Complete 
| 365|0x0000000718100000, 0x0000000718200000, 0x0000000718200000|100%| E|CS|TAMS 0x0000000718100000, 0x0000000718100000| Complete 
| 366|0x0000000718200000, 0x0000000718300000, 0x0000000718300000|100%| E|CS|TAMS 0x0000000718200000, 0x0000000718200000| Complete 
| 367|0x0000000718300000, 0x0000000718400000, 0x0000000718400000|100%| E|CS|TAMS 0x0000000718300000, 0x0000000718300000| Complete 
| 368|0x0000000718400000, 0x0000000718500000, 0x0000000718500000|100%| E|CS|TAMS 0x0000000718400000, 0x0000000718400000| Complete 
| 369|0x0000000718500000, 0x0000000718600000, 0x0000000718600000|100%| E|CS|TAMS 0x0000000718500000, 0x0000000718500000| Complete 

Card table byte_map: [0x00000121468e0000,0x00000121470e0000] _byte_map_base: 0x00000121430d6000

Marking Bits (Prev, Next): (CMBitMap*) 0x000001212eaf2558, (CMBitMap*) 0x000001212eaf2590
 Prev Bits: [0x00000121478e0000, 0x000001214b890000)
 Next Bits: [0x000001214b890000, 0x000001214f840000)

Polling page: 0x000001212ca50000

Metaspace:

Usage:
  Non-class:     63.41 MB capacity,    61.72 MB ( 97%) used,     1.42 MB (  2%) free+waste,   284.44 KB ( <1%) overhead. 
      Class:      8.50 MB capacity,     7.42 MB ( 87%) used,   968.95 KB ( 11%) free+waste,   134.19 KB (  2%) overhead. 
       Both:     71.90 MB capacity,    69.13 MB ( 96%) used,     2.36 MB (  3%) free+waste,   418.63 KB ( <1%) overhead. 

Virtual space:
  Non-class space:       64.00 MB reserved,      63.51 MB (>99%) committed 
      Class space:        1.00 GB reserved,       8.57 MB ( <1%) committed 
             Both:        1.06 GB reserved,      72.08 MB (  7%) committed 

Chunk freelists:
   Non-Class:  4.75 KB
       Class:  512 bytes
        Both:  5.25 KB

CodeHeap 'non-profiled nmethods': size=120000Kb used=4877Kb max_used=4877Kb free=115122Kb
 bounds [0x000001213e880000, 0x000001213ed50000, 0x0000012145db0000]
CodeHeap 'profiled nmethods': size=120000Kb used=18914Kb max_used=18914Kb free=101085Kb
 bounds [0x0000012137350000, 0x00000121385e0000, 0x000001213e880000]
CodeHeap 'non-nmethods': size=5760Kb used=1683Kb max_used=1708Kb free=4077Kb
 bounds [0x0000012136db0000, 0x0000012137020000, 0x0000012137350000]
 total_blobs=12029 nmethods=7593 adapters=1179
 compilation: enabled
              stopped_count=0, restarted_count=0
 full_count=0

Compilation events (10 events):
Event: 9.607 Thread 0x0000012152ccd000 nmethod 8494 0x00000121385b0490 code [0x00000121385b0640, 0x00000121385b08f8]
Event: 9.607 Thread 0x0000012152ccd000 8495       3       javax.swing.JComponent::getBounds (50 bytes)
Event: 9.608 Thread 0x0000012152ccd000 nmethod 8495 0x00000121385b0990 code [0x00000121385b0bc0, 0x00000121385b1958]
Event: 9.608 Thread 0x0000012152ccd000 8496       3       sun.java2d.SunGraphics2D::drawImage (11 bytes)
Event: 9.608 Thread 0x0000012152ccd000 nmethod 8496 0x00000121385b1c90 code [0x00000121385b1e40, 0x00000121385b1ff0]
Event: 9.608 Thread 0x0000012152ccd000 8497       3       sun.java2d.pipe.DrawImage::copyImage (105 bytes)
Event: 9.609 Thread 0x0000012152ccd000 nmethod 8497 0x00000121385b2090 code [0x00000121385b22c0, 0x00000121385b2b40]
Event: 9.609 Thread 0x0000012152ccd000 8498   !   3       java.util.concurrent.ScheduledThreadPoolExecutor$DelayedWorkQueue::offer (123 bytes)
Event: 9.609 Thread 0x0000012152ccd000 nmethod 8498 0x00000121385b2e10 code [0x00000121385b3140, 0x00000121385b4800]
Event: 9.610 Thread 0x0000012152cc0800 8499   !   4       bz::tl (1328 bytes)

GC Heap History (10 events):
Event: 2.323 GC heap before
{Heap before GC invocations=6 (full 0):
 garbage-first heap   total 262144K, used 86596K [0x0000000701400000, 0x0000000800000000)
  region size 1024K, 76 young (77824K), 7 survivors (7168K)
 Metaspace       used 35281K, capacity 35846K, committed 35920K, reserved 1081344K
  class space    used 3277K, capacity 3576K, committed 3584K, reserved 1048576K
}
Event: 2.326 GC heap after
{Heap after GC invocations=7 (full 0):
 garbage-first heap   total 262144K, used 10586K [0x0000000701400000, 0x0000000800000000)
  region size 1024K, 5 young (5120K), 5 survivors (5120K)
 Metaspace       used 35281K, capacity 35846K, committed 35920K, reserved 1081344K
  class space    used 3277K, capacity 3576K, committed 3584K, reserved 1048576K
}
Event: 3.674 GC heap before
{Heap before GC invocations=8 (full 0):
 garbage-first heap   total 262144K, used 127322K [0x0000000701400000, 0x0000000800000000)
  region size 1024K, 120 young (122880K), 5 survivors (5120K)
 Metaspace       used 45521K, capacity 46206K, committed 46288K, reserved 1091584K
  class space    used 4647K, capacity 4927K, committed 4992K, reserved 1048576K
}
Event: 3.713 GC heap after
{Heap after GC invocations=9 (full 0):
 garbage-first heap   total 262144K, used 61847K [0x0000000701400000, 0x0000000800000000)
  region size 1024K, 15 young (15360K), 15 survivors (15360K)
 Metaspace       used 45521K, capacity 46206K, committed 46288K, reserved 1091584K
  class space    used 4647K, capacity 4927K, committed 4992K, reserved 1048576K
}
Event: 5.294 GC heap before
{Heap before GC invocations=9 (full 0):
 garbage-first heap   total 262144K, used 142743K [0x0000000701400000, 0x0000000800000000)
  region size 1024K, 90 young (92160K), 15 survivors (15360K)
 Metaspace       used 58534K, capacity 60265K, committed 60296K, reserved 1103872K
  class space    used 6349K, capacity 7016K, committed 7040K, reserved 1048576K
}
Event: 5.315 GC heap after
{Heap after GC invocations=10 (full 0):
 garbage-first heap   total 262144K, used 78722K [0x0000000701400000, 0x0000000800000000)
  region size 1024K, 13 young (13312K), 13 survivors (13312K)
 Metaspace       used 58534K, capacity 60265K, committed 60296K, reserved 1103872K
  class space    used 6349K, capacity 7016K, committed 7040K, reserved 1048576K
}
Event: 5.921 GC heap before
{Heap before GC invocations=11 (full 0):
 garbage-first heap   total 262144K, used 170882K [0x0000000701400000, 0x0000000800000000)
  region size 1024K, 102 young (104448K), 13 survivors (13312K)
 Metaspace       used 60819K, capacity 62674K, committed 62932K, reserved 1105920K
  class space    used 6577K, capacity 7278K, committed 7372K, reserved 1048576K
}
Event: 5.947 GC heap after
{Heap after GC invocations=12 (full 0):
 garbage-first heap   total 378880K, used 106471K [0x0000000701400000, 0x0000000800000000)
  region size 1024K, 13 young (13312K), 13 survivors (13312K)
 Metaspace       used 60819K, capacity 62674K, committed 62932K, reserved 1105920K
  class space    used 6577K, capacity 7278K, committed 7372K, reserved 1048576K
}
Event: 6.973 GC heap before
{Heap before GC invocations=13 (full 0):
 garbage-first heap   total 378880K, used 223207K [0x0000000701400000, 0x0000000800000000)
  region size 1024K, 123 young (125952K), 13 survivors (13312K)
 Metaspace       used 65111K, capacity 67810K, committed 68052K, reserved 1110016K
  class space    used 7216K, capacity 8278K, committed 8396K, reserved 1048576K
}
Event: 6.989 GC heap after
{Heap after GC invocations=14 (full 0):
 garbage-first heap   total 378880K, used 142318K [0x0000000701400000, 0x0000000800000000)
  region size 1024K, 16 young (16384K), 16 survivors (16384K)
 Metaspace       used 65111K, capacity 67810K, committed 68052K, reserved 1110016K
  class space    used 7216K, capacity 8278K, committed 8396K, reserved 1048576K
}

Deoptimization events (10 events):
Event: 9.381 Thread 0x000001215c582800 Uncommon trap: reason=profile_predicate action=maybe_recompile pc=0x000001213ed1d9e8 method=ct.oo(Llt;I)V @ 208 c2
Event: 9.383 Thread 0x000001215c582800 Uncommon trap: reason=profile_predicate action=maybe_recompile pc=0x000001213ed1d9e8 method=ct.oo(Llt;I)V @ 208 c2
Event: 9.384 Thread 0x000001215c582800 Uncommon trap: reason=profile_predicate action=maybe_recompile pc=0x000001213ed1d9e8 method=ct.oo(Llt;I)V @ 208 c2
Event: 9.386 Thread 0x000001215c582800 Uncommon trap: reason=profile_predicate action=maybe_recompile pc=0x000001213ed1d9e8 method=ct.oo(Llt;I)V @ 208 c2
Event: 9.401 Thread 0x000001215db18000 Uncommon trap: reason=class_check action=maybe_recompile pc=0x000001213ebc1aa8 method=javax.swing.RepaintManager.addDirtyRegion0(Ljava/awt/Container;IIII)V @ 91 c2
Event: 9.403 Thread 0x000001215c582800 Uncommon trap: reason=unstable_if action=reinterpret pc=0x000001213ece737c method=dg.ae(II)I @ 27 c2
Event: 9.500 Thread 0x000001215c582800 Uncommon trap: reason=profile_predicate action=maybe_recompile pc=0x000001213ed01508 method=bz.tl(Lbz;IB)V @ 1134 c2
Event: 9.500 Thread 0x000001215c582800 Uncommon trap: reason=profile_predicate action=maybe_recompile pc=0x000001213ed036ec method=bz.tl(Lbz;IB)V @ 1155 c2
Event: 9.506 Thread 0x000001215c582800 Uncommon trap: reason=profile_predicate action=maybe_recompile pc=0x000001213ecfe0ac method=bz.tl(Lbz;IB)V @ 1134 c2
Event: 9.610 Thread 0x000001215c582800 Uncommon trap: reason=profile_predicate action=maybe_recompile pc=0x000001213ed3b804 method=bz.tl(Lbz;IB)V @ 980 c2

Classes redefined (0 events):
No events

Internal exceptions (10 events):
Event: 7.000 Thread 0x0000012153ce4800 Exception <a 'java/lang/NoSuchMethodError'{0x000000071840c030}: java.lang.invoke.DirectMethodHandle$Holder.invokeStatic(Ljava/lang/Object;Ljava/lang/Object;Ljava/lang/Object;Ljava/lang/Object;Ljava/lang/Object;Ljava/lang/Object;Ljava/lang/Object;Ljava/lan
Event: 7.042 Thread 0x000001215c582800 Exception <a 'java/lang/NoSuchMethodError'{0x000000071831d040}: java.lang.invoke.DirectMethodHandle$Holder.invokeStatic(Ljava/lang/Object;J)V> (0x000000071831d040) thrown at [t:/workspace/open/src/hotspot/share/interpreter/linkResolver.cpp, line 772]
Event: 7.043 Thread 0x000001215c582800 Exception <a 'java/lang/NoSuchMethodError'{0x00000007183221e8}: java.lang.invoke.DirectMethodHandle$Holder.invokeStatic(Ljava/lang/Object;J)Ljava/lang/Object;> (0x00000007183221e8) thrown at [t:/workspace/open/src/hotspot/share/interpreter/linkResolver.cp
Event: 7.043 Thread 0x000001215c582800 Exception <a 'java/lang/NoSuchMethodError'{0x0000000718325510}: java.lang.invoke.DirectMethodHandle$Holder.invokeSpecial(Ljava/lang/Object;Ljava/lang/Object;J)Ljava/lang/Object;> (0x0000000718325510) thrown at [t:/workspace/open/src/hotspot/share/interpre
Event: 7.045 Thread 0x000001215c582800 Exception <a 'java/lang/NoSuchMethodError'{0x0000000718330188}: java.lang.invoke.DirectMethodHandle$Holder.invokeStaticInit(Ljava/lang/Object;Ljava/lang/Object;JLjava/lang/Object;)Ljava/lang/Object;> (0x0000000718330188) thrown at [t:/workspace/open/src/h
Event: 8.490 Thread 0x000001215c582800 Exception <a 'java/lang/NullPointerException'{0x0000000716c5a3b8}> (0x0000000716c5a3b8) thrown at [t:/workspace/open/src/hotspot/share/interpreter/linkResolver.cpp, line 1372]
Event: 8.920 Thread 0x000001215c582800 Implicit null exception at 0x000001213eaee09c to 0x000001213eaee20e
Event: 9.249 Thread 0x0000012153ce4800 Exception <a 'java/lang/NoSuchMethodError'{0x000000071498da00}: java.lang.invoke.DirectMethodHandle$Holder.invokeVirtual(Ljava/lang/Object;Ljava/lang/Object;Ljava/lang/Object;I)V> (0x000000071498da00) thrown at [t:/workspace/open/src/hotspot/share/interpr
Event: 9.261 Thread 0x0000012153ce4800 Exception <a 'java/lang/NoSuchMethodError'{0x000000071481c690}: java.lang.invoke.DirectMethodHandle$Holder.invokeVirtual(Ljava/lang/Object;Ljava/lang/Object;)J> (0x000000071481c690) thrown at [t:/workspace/open/src/hotspot/share/interpreter/linkResolver.c
Event: 9.262 Thread 0x0000012153ce4800 Exception <a 'java/lang/NoSuchMethodError'{0x0000000714822a98}: java.lang.invoke.DirectMethodHandle$Holder.invokeStatic(Ljava/lang/Object;JJ)J> (0x0000000714822a98) thrown at [t:/workspace/open/src/hotspot/share/interpreter/linkResolver.cpp, line 772]

Events (10 events):
Event: 9.506 Thread 0x000001215c582800 DEOPT UNPACKING pc=0x0000012136dd8fce sp=0x00000018cbafe450 mode 0
Event: 9.531 Thread 0x000001215c582800 DEOPT PACKING pc=0x00000121383f2c36 sp=0x00000018cbafede0
Event: 9.531 Thread 0x000001215c582800 DEOPT UNPACKING pc=0x0000012136dd8fce sp=0x00000018cbafe450 mode 0
Event: 9.571 Thread 0x000001215c582800 DEOPT PACKING pc=0x00000121383f2c36 sp=0x00000018cbafede0
Event: 9.571 Thread 0x000001215c582800 DEOPT UNPACKING pc=0x0000012136dd8fce sp=0x00000018cbafe450 mode 0
Event: 9.573 loading class org/pushingpixels/substance/internal/colorscheme/ShadeColorScheme
Event: 9.573 loading class org/pushingpixels/substance/internal/colorscheme/ShadeColorScheme done
Event: 9.610 Thread 0x000001215c582800 Uncommon trap: trap_request=0xffffffbe fr.pc=0x000001213ed3b804 relative=0x0000000000001944
Event: 9.610 Thread 0x000001215c582800 DEOPT PACKING pc=0x000001213ed3b804 sp=0x00000018cbafefd0
Event: 9.610 Thread 0x000001215c582800 DEOPT UNPACKING pc=0x0000012136dd91af sp=0x00000018cbafef50 mode 2


Dynamic libraries:
0x00007ff75eb10000 - 0x00007ff75eb57000 	C:\Program Files\Java\jdk-11.0.1\bin\java.exe
0x00007ff9a8ca0000 - 0x00007ff9a8e90000 	C:\WINDOWS\SYSTEM32\ntdll.dll
0x00007ff9a87e0000 - 0x00007ff9a8892000 	C:\WINDOWS\System32\KERNEL32.DLL
0x00007ff9a5d80000 - 0x00007ff9a6023000 	C:\WINDOWS\System32\KERNELBASE.dll
0x00007ff9a7850000 - 0x00007ff9a78f3000 	C:\WINDOWS\System32\ADVAPI32.dll
0x00007ff9a7910000 - 0x00007ff9a79ae000 	C:\WINDOWS\System32\msvcrt.dll
0x00007ff9a7a20000 - 0x00007ff9a7ab7000 	C:\WINDOWS\System32\sechost.dll
0x00007ff9a7f50000 - 0x00007ff9a8070000 	C:\WINDOWS\System32\RPCRT4.dll
0x00007ff9a7af0000 - 0x00007ff9a7c84000 	C:\WINDOWS\System32\USER32.dll
0x00007ff9a6b30000 - 0x00007ff9a6b51000 	C:\WINDOWS\System32\win32u.dll
0x00007ff9a6d60000 - 0x00007ff9a6d86000 	C:\WINDOWS\System32\GDI32.dll
0x00007ff9a6bb0000 - 0x00007ff9a6d44000 	C:\WINDOWS\System32\gdi32full.dll
0x00007ff9a6030000 - 0x00007ff9a60ce000 	C:\WINDOWS\System32\msvcp_win.dll
0x00007ff9a61a0000 - 0x00007ff9a629a000 	C:\WINDOWS\System32\ucrtbase.dll
0x00007ff997610000 - 0x00007ff997895000 	C:\WINDOWS\WinSxS\amd64_microsoft.windows.common-controls_6595b64144ccf1df_6.0.18362.720_none_e6beb5c51314836b\COMCTL32.dll
0x00007ff9a1a00000 - 0x00007ff9a1a0a000 	C:\WINDOWS\SYSTEM32\VERSION.dll
0x00007ff9a88a0000 - 0x00007ff9a8bd6000 	C:\WINDOWS\System32\combase.dll
0x00007ff9a6120000 - 0x00007ff9a61a0000 	C:\WINDOWS\System32\bcryptPrimitives.dll
0x00007ff9a7ac0000 - 0x00007ff9a7aee000 	C:\WINDOWS\System32\IMM32.DLL
0x00007ff99eed0000 - 0x00007ff99eee6000 	C:\Program Files\Java\jdk-11.0.1\bin\vcruntime140.dll
0x00007ff975eb0000 - 0x00007ff975f5a000 	C:\Program Files\Java\jdk-11.0.1\bin\msvcp140.dll
0x00007ff9589e0000 - 0x00007ff959522000 	C:\Program Files\Java\jdk-11.0.1\bin\server\jvm.dll
0x00007ff9a7430000 - 0x00007ff9a7438000 	C:\WINDOWS\System32\PSAPI.DLL
0x00007ff9a3570000 - 0x00007ff9a3594000 	C:\WINDOWS\SYSTEM32\WINMM.dll
0x00007ff9a36d0000 - 0x00007ff9a36d9000 	C:\WINDOWS\SYSTEM32\WSOCK32.dll
0x00007ff9a79b0000 - 0x00007ff9a7a1f000 	C:\WINDOWS\System32\WS2_32.dll
0x00007ff9a30f0000 - 0x00007ff9a311d000 	C:\WINDOWS\SYSTEM32\WINMMBASE.dll
0x00007ff9a6b60000 - 0x00007ff9a6baa000 	C:\WINDOWS\System32\cfgmgr32.dll
0x00007ff9a5c10000 - 0x00007ff9a5c21000 	C:\WINDOWS\System32\kernel.appcore.dll
0x00007ff99b3a0000 - 0x00007ff99b3b1000 	C:\Program Files\Java\jdk-11.0.1\bin\verify.dll
0x00007ff9a43f0000 - 0x00007ff9a45e4000 	C:\WINDOWS\SYSTEM32\DBGHELP.DLL
0x00007ff99f3d0000 - 0x00007ff99f3fa000 	C:\WINDOWS\SYSTEM32\dbgcore.DLL
0x00007ff999220000 - 0x00007ff999249000 	C:\Program Files\Java\jdk-11.0.1\bin\java.dll
0x00007ff99b290000 - 0x00007ff99b2a6000 	C:\Program Files\Java\jdk-11.0.1\bin\zip.dll
0x00007ff9a0dc0000 - 0x00007ff9a0dca000 	C:\Program Files\Java\jdk-11.0.1\bin\jimage.dll
0x00007ff9a80f0000 - 0x00007ff9a87d5000 	C:\WINDOWS\System32\SHELL32.dll
0x00007ff9a7ea0000 - 0x00007ff9a7f49000 	C:\WINDOWS\System32\shcore.dll
0x00007ff9a6300000 - 0x00007ff9a6a80000 	C:\WINDOWS\System32\windows.storage.dll
0x00007ff9a5b90000 - 0x00007ff9a5bb3000 	C:\WINDOWS\System32\profapi.dll
0x00007ff9a5bc0000 - 0x00007ff9a5c0a000 	C:\WINDOWS\System32\powrprof.dll
0x00007ff9a5b60000 - 0x00007ff9a5b70000 	C:\WINDOWS\System32\UMPDC.dll
0x00007ff9a8090000 - 0x00007ff9a80e2000 	C:\WINDOWS\System32\shlwapi.dll
0x00007ff9a6100000 - 0x00007ff9a6117000 	C:\WINDOWS\System32\cryptsp.dll
0x00007ff994420000 - 0x00007ff994439000 	C:\Program Files\Java\jdk-11.0.1\bin\net.dll
0x00007ff99ba80000 - 0x00007ff99bb71000 	C:\WINDOWS\SYSTEM32\WINHTTP.dll
0x00007ff9a53d0000 - 0x00007ff9a5437000 	C:\WINDOWS\system32\mswsock.dll
0x00007ff9937c0000 - 0x00007ff9937d3000 	C:\Program Files\Java\jdk-11.0.1\bin\nio.dll
0x00007ff975cd0000 - 0x00007ff975e6f000 	C:\Program Files\Java\jdk-11.0.1\bin\awt.dll
0x00007ff9a7dd0000 - 0x00007ff9a7e94000 	C:\WINDOWS\System32\OLEAUT32.dll
0x00007ff9a2290000 - 0x00007ff9a2850000 	C:\WINDOWS\SYSTEM32\d2d1.dll
0x00007ff9a38d0000 - 0x00007ff9a395f000 	C:\WINDOWS\SYSTEM32\apphelp.dll
0x00007ff9a3a10000 - 0x00007ff9a3aa9000 	C:\WINDOWS\system32\uxtheme.dll
0x00007ff9a7c90000 - 0x00007ff9a7dc6000 	C:\WINDOWS\System32\MSCTF.dll
0x00007ff9a7200000 - 0x00007ff9a7357000 	C:\WINDOWS\System32\ole32.dll
0x00007ff9a3ed0000 - 0x00007ff9a3efd000 	C:\WINDOWS\system32\DWMAPI.DLL
0x00007ff9723e0000 - 0x00007ff972536000 	C:\WINDOWS\system32\opengl32.dll
0x00007ff972350000 - 0x00007ff97237c000 	C:\WINDOWS\SYSTEM32\GLU32.dll
0x00007ff9a47d0000 - 0x00007ff9a47f0000 	C:\WINDOWS\SYSTEM32\dxcore.dll
0x00007ff99e720000 - 0x00007ff99e8e7000 	C:\WINDOWS\system32\d3d9.dll
0x00007ff99d790000 - 0x00007ff99d96d000 	C:\WINDOWS\System32\DriverStore\FileRepository\c0346830.inf_amd64_f723e13ffb3b2652\B345901\aticfx64.dll
0x00007ff989680000 - 0x00007ff9896b0000 	C:\WINDOWS\System32\DriverStore\FileRepository\c0346830.inf_amd64_f723e13ffb3b2652\B345901\atiu9p64.dll
0x00007ff95ffb0000 - 0x00007ff960c7e000 	C:\WINDOWS\System32\DriverStore\FileRepository\c0346830.inf_amd64_f723e13ffb3b2652\B345901\atiumd64.dll
0x0000000064fd0000 - 0x0000000065d64000 	C:\WINDOWS\System32\DriverStore\FileRepository\c0346830.inf_amd64_f723e13ffb3b2652\B345901\atiumd6a.dll
0x00007ff99d720000 - 0x00007ff99d74b000 	C:\WINDOWS\SYSTEM32\amdihk64.dll
0x00007ff9a4f40000 - 0x00007ff9a4f73000 	C:\WINDOWS\system32\rsaenh.dll
0x00007ff9a60d0000 - 0x00007ff9a60f6000 	C:\WINDOWS\System32\bcrypt.dll
0x00007ff9a5a50000 - 0x00007ff9a5a75000 	C:\WINDOWS\SYSTEM32\USERENV.dll
0x00007ff9a55a0000 - 0x00007ff9a55ac000 	C:\WINDOWS\SYSTEM32\CRYPTBASE.dll
0x00007ff9a50e0000 - 0x00007ff9a511a000 	C:\WINDOWS\SYSTEM32\IPHLPAPI.DLL
0x00007ff9a7900000 - 0x00007ff9a7908000 	C:\WINDOWS\System32\NSI.dll
0x00007ff9a0ce0000 - 0x00007ff9a0cf6000 	C:\WINDOWS\SYSTEM32\dhcpcsvc6.DLL
0x00007ff9a0ca0000 - 0x00007ff9a0cbc000 	C:\WINDOWS\SYSTEM32\dhcpcsvc.DLL
0x00007ff9a5120000 - 0x00007ff9a51ea000 	C:\WINDOWS\SYSTEM32\DNSAPI.dll
0x00007ff98da60000 - 0x00007ff98dae0000 	C:\Program Files\Java\jdk-11.0.1\bin\freetype.dll
0x00007ff98d6f0000 - 0x00007ff98d75f000 	C:\Program Files\Java\jdk-11.0.1\bin\fontmanager.dll
0x00007ff99ab50000 - 0x00007ff99abee000 	C:\WINDOWS\System32\TextInputFramework.dll
0x00007ff9a3490000 - 0x00007ff9a3564000 	C:\WINDOWS\System32\CoreMessaging.dll
0x00007ff9a13d0000 - 0x00007ff9a16fa000 	C:\WINDOWS\System32\CoreUIComponents.dll
0x00007ff9a4bc0000 - 0x00007ff9a4bf1000 	C:\WINDOWS\SYSTEM32\ntmarta.dll
0x00007ff9a1270000 - 0x00007ff9a13c3000 	C:\WINDOWS\SYSTEM32\wintypes.dll
0x00007ff999280000 - 0x00007ff999526000 	C:\WINDOWS\System32\iertutil.dll
0x00007ff990530000 - 0x00007ff990557000 	C:\Program Files\Java\jdk-11.0.1\bin\sunec.dll
0x00007ff99d3c0000 - 0x00007ff99d3ca000 	C:\Windows\System32\rasadhlp.dll
0x00007ff9a04e0000 - 0x00007ff9a0557000 	C:\WINDOWS\System32\fwpuclnt.dll
0x00007ff98f570000 - 0x00007ff98f5b2000 	C:\Users\Lukas\AppData\Local\Temp\jna-73779092\jna8858473132788959903.dll
0x00007ff98b940000 - 0x00007ff98b9dc000 	C:\Users\Lukas\AppData\Local\Temp\jna-73779092\jna1473153363360896573.dll
0x00007ff99b380000 - 0x00007ff99b38d000 	C:\Program Files\Java\jdk-11.0.1\bin\sunmscapi.dll
0x00007ff9a5c30000 - 0x00007ff9a5d79000 	C:\WINDOWS\System32\CRYPT32.dll
0x00007ff9a5b70000 - 0x00007ff9a5b82000 	C:\WINDOWS\System32\MSASN1.dll
0x00007ff9a56a0000 - 0x00007ff9a56c6000 	C:\WINDOWS\SYSTEM32\ncrypt.dll
0x00007ff9a5660000 - 0x00007ff9a569b000 	C:\WINDOWS\SYSTEM32\NTASN1.dll
0x00007ff975c50000 - 0x00007ff975ccf000 	C:\Program Files\Java\jdk-11.0.1\bin\mlib_image.dll
0x00007ff9a77a0000 - 0x00007ff9a7842000 	C:\WINDOWS\System32\clbcatq.dll
0x00007ff9a0e40000 - 0x00007ff9a0fef000 	C:\WINDOWS\SYSTEM32\WindowsCodecs.dll
0x00007ff9838a0000 - 0x00007ff9838da000 	C:\WINDOWS\system32\dataexchange.dll
0x00007ff9a2f10000 - 0x00007ff9a30eb000 	C:\WINDOWS\system32\dcomp.dll
0x00007ff9a2850000 - 0x00007ff9a2aab000 	C:\WINDOWS\system32\d3d11.dll
0x00007ff9a4860000 - 0x00007ff9a494b000 	C:\WINDOWS\system32\dxgi.dll
0x00007ff9a3b80000 - 0x00007ff9a3dda000 	C:\WINDOWS\system32\twinapi.appcore.dll
0x00007ff9a3fe0000 - 0x00007ff9a4009000 	C:\WINDOWS\system32\RMCLIENT.dll
0x00007ff990300000 - 0x00007ff99032d000 	C:\Program Files\Java\jdk-11.0.1\bin\javajpeg.dll
0x00007ff98d610000 - 0x00007ff98d64f000 	C:\Program Files\Java\jdk-11.0.1\bin\lcms.dll
0x00007ff98f520000 - 0x00007ff98f532000 	C:\Program Files\Java\jdk-11.0.1\bin\jsound.dll
0x00007ff989b70000 - 0x00007ff989c09000 	C:\WINDOWS\SYSTEM32\DSOUND.dll
0x00007ff99ef20000 - 0x00007ff99ef92000 	C:\WINDOWS\System32\MMDevApi.dll
0x00007ff9a5960000 - 0x00007ff9a598a000 	C:\WINDOWS\System32\DEVOBJ.dll
0x00007ff973270000 - 0x00007ff9732b4000 	C:\WINDOWS\SYSTEM32\wdmaud.drv
0x00007ff97a560000 - 0x00007ff97a569000 	C:\WINDOWS\SYSTEM32\ksuser.dll
0x00007ff9a1a70000 - 0x00007ff9a1a7a000 	C:\WINDOWS\SYSTEM32\AVRT.dll
0x00007ff9a19d0000 - 0x00007ff9a19db000 	C:\WINDOWS\SYSTEM32\WINNSI.DLL
0x00007ff989a10000 - 0x00007ff989b6d000 	C:\WINDOWS\SYSTEM32\AUDIOSES.DLL
0x00007ff975e70000 - 0x00007ff975e7d000 	C:\WINDOWS\SYSTEM32\msacm32.drv
0x00007ff973250000 - 0x00007ff97326c000 	C:\WINDOWS\SYSTEM32\MSACM32.dll
0x00007ff973240000 - 0x00007ff97324a000 	C:\WINDOWS\SYSTEM32\midimap.dll
0x00007ff9a3de0000 - 0x00007ff9a3df4000 	C:\WINDOWS\SYSTEM32\resourcepolicyclient.dll
0x00007ff99ac20000 - 0x00007ff99ad71000 	C:\Windows\System32\Windows.UI.dll
0x00007ff99aa30000 - 0x00007ff99ab4a000 	C:\Windows\System32\InputHost.dll
0x00007ff9a1e50000 - 0x00007ff9a1f3f000 	C:\Windows\System32\PROPSYS.dll
0x00007ff9a0d20000 - 0x00007ff9a0d29000 	C:\Program Files\Java\jdk-11.0.1\bin\management.dll
0x00007ff99b230000 - 0x00007ff99b23c000 	C:\Program Files\Java\jdk-11.0.1\bin\management_ext.dll
0x00007ff99f7f0000 - 0x00007ff99f89e000 	C:\WINDOWS\SYSTEM32\mscms.dll
0x00007ff9a04a0000 - 0x00007ff9a04b7000 	C:\WINDOWS\SYSTEM32\ColorAdapterClient.dll
0x00007ff99e1b0000 - 0x00007ff99e1f3000 	C:\WINDOWS\SYSTEM32\icm32.dll
0x00000000637c0000 - 0x00000000637cd000 	C:\Users\Lukas\AppData\Local\Temp\jogamp_0000\file_cache\jln1553608837513710484\jln9217887248014713687\natives\windows-amd64\gluegen-rt.dll
0x00007ff9967f0000 - 0x00007ff9967f7000 	C:\Program Files\Java\jdk-11.0.1\bin\jawt.dll
0x000000006a440000 - 0x000000006a44d000 	C:\Users\Lukas\AppData\Local\Temp\jogamp_0000\file_cache\jln1553608837513710484\jln9217887248014713687\natives\windows-amd64\nativewindow_awt.dll
0x000000006c100000 - 0x000000006c10f000 	C:\Users\Lukas\AppData\Local\Temp\jogamp_0000\file_cache\jln1553608837513710484\jln9217887248014713687\natives\windows-amd64\nativewindow_win32.dll
0x0000000064500000 - 0x00000000645b1000 	C:\Users\Lukas\AppData\Local\Temp\jogamp_0000\file_cache\jln1553608837513710484\jln9217887248014713687\natives\windows-amd64\jogl_desktop.dll

dbghelp: loaded successfully - version: 4.0.5 - missing functions: none
symbol engine: initialized successfully - sym options: 0x614 - pdb path: .;C:\Program Files\Java\jdk-11.0.1\bin;C:\WINDOWS\SYSTEM32;C:\WINDOWS\WinSxS\amd64_microsoft.windows.common-controls_6595b64144ccf1df_6.0.18362.720_none_e6beb5c51314836b;C:\Program Files\Java\jdk-11.0.1\bin\server;C:\WINDOWS\System32\DriverStore\FileRepository\c0346830.inf_amd64_f723e13ffb3b2652\B345901;C:\Users\Lukas\AppData\Local\Temp\jna-73779092;C:\Users\Lukas\AppData\Local\Temp\jogamp_0000\file_cache\jln1553608837513710484\jln9217887248014713687\natives\windows-amd64

VM Arguments:
jvm_args: -Dfile.encoding=windows-1252 -Duser.country=US -Duser.language=en -Duser.variant -ea 
java_command: com.flippingutilities.FlippingPluginTest --developer-mode
java_class_path (initial): C:\Users\Lukas\Desktop\Personal\Personal Projects\Runelite\flipping-plugin\plugin-hub\flippingutilities\build\classes\java\test;C:\Users\Lukas\Desktop\Personal\Personal Projects\Runelite\flipping-plugin\plugin-hub\flippingutilities\build\resources\test;C:\Users\Lukas\Desktop\Personal\Personal Projects\Runelite\flipping-plugin\plugin-hub\flippingutilities\build\classes\java\main;C:\Users\Lukas\Desktop\Personal\Personal Projects\Runelite\flipping-plugin\plugin-hub\flippingutilities\build\resources\main;C:\Users\Lukas\.m2\repository\junit\junit\4.12\junit-4.12.jar;C:\Users\Lukas\.m2\repository\org\slf4j\slf4j-simple\1.7.12\slf4j-simple-1.7.12.jar;C:\Users\Lukas\.gradle\caches\modules-2\files-2.1\net.runelite\client\1.6.9\c4914ee45b000aaa7d9592448a93e8bd0e5cef69\client-1.6.9.jar;C:\Users\Lukas\.m2\repository\org\hamcrest\hamcrest-core\1.3\hamcrest-core-1.3.jar;C:\Users\Lukas\.m2\repository\ch\qos\logback\logback-classic\1.2.3\logback-classic-1.2.3.jar;C:\Users\Lukas\.gradle\caches\modules-2\files-2.1\net.runelite\runelite-api\1.6.9\5687c9b833d30468907fc2874a363314124246a9\runelite-api-1.6.9.jar;C:\Users\Lukas\.gradle\caches\modules-2\files-2.1\net.runelite\http-api\1.6.9\427221578bb78d95b059d77b762b1bf6bade47d0\http-api-1.6.9.jar;C:\Users\Lukas\.m2\repository\org\slf4j\slf4j-api\1.7.25\slf4j-api-1.7.25.jar;C:\Users\Lukas\.m2\repository\net\sf\jopt-simple\jopt-simple\5.0.1\jopt-simple-5.0.1.jar;C:\Users\Lukas\.m2\repository\com\google\inject\guice\4.1.0\guice-4.1.0-no_aop.jar;C:\Users\Lukas\.m2\repository\com\google\guava\guava\23.2-jre\guava-23.2-jre.jar;C:\Users\Lukas\.m2\repository\com\google\code\gson\gson\2.8.5\gson-2.8.5.jar;C:\Users\Lukas\.m2\repository\net\runelite\pushingpixels\substance\8.0.02\substance-8.0.02.jar;C:\Users\Lukas\.m2\repository\net\runelite\pushingpixels\trident\1.5.00\trident-1.5.00.jar;C:\Users\Lukas\.m2\repository\org\apache\commons\commons-text\1.2\commons-text-1.2.jar;C:\Users\Lukas\.m2\repository\org\jogamp\jog
Launcher Type: SUN_STANDARD

[Global flags]
     intx CICompilerCount                          = 4                                         {product} {ergonomic}
     uint ConcGCThreads                            = 2                                         {product} {ergonomic}
     uint G1ConcRefinementThreads                  = 8                                         {product} {ergonomic}
   size_t G1HeapRegionSize                         = 1048576                                   {product} {ergonomic}
    uintx GCDrainStackTargetSize                   = 64                                        {product} {ergonomic}
   size_t InitialHeapSize                          = 268435456                                 {product} {ergonomic}
   size_t MarkStackSize                            = 4194304                                   {product} {ergonomic}
   size_t MaxHeapSize                              = 4273995776                                {product} {ergonomic}
   size_t MaxNewSize                               = 2563768320                                {product} {ergonomic}
   size_t MinHeapDeltaBytes                        = 1048576                                   {product} {ergonomic}
    uintx NonNMethodCodeHeapSize                   = 5835340                                {pd product} {ergonomic}
    uintx NonProfiledCodeHeapSize                  = 122911450                              {pd product} {ergonomic}
    uintx ProfiledCodeHeapSize                     = 122911450                              {pd product} {ergonomic}
    uintx ReservedCodeCacheSize                    = 251658240                              {pd product} {ergonomic}
     bool SegmentedCodeCache                       = true                                      {product} {ergonomic}
     bool UseCompressedClassPointers               = true                                 {lp64_product} {ergonomic}
     bool UseCompressedOops                        = true                                 {lp64_product} {ergonomic}
     bool UseG1GC                                  = true                                      {product} {ergonomic}
     bool UseLargePagesIndividualAllocation        = false                                  {pd product} {ergonomic}

Logging:
Log output configuration:
 #0: stdout all=warning uptime,level,tags
 #1: stderr all=off uptime,level,tags

Environment Variables:
PATH=C:\Python27\;C:\Python27\Scripts;C:\Program Files (x86)\Common Files\Oracle\Java\javapath;C:\ProgramData\Oracle\Java\javapath;C:\Windows\system32;C:\Windows;C:\Windows\System32\Wbem;C:\Windows\System32\WindowsPowerShell\v1.0\;C:\WINDOWS\system32;C:\WINDOWS;C:\WINDOWS\System32\Wbem;C:\WINDOWS\System32\WindowsPowerShell\v1.0\;H:\Geth;C:\Program Files (x86)\OpenSSH\bin;C:\WINDOWS\System32\OpenSSH\;C:\Program Files (x86)\NVIDIA Corporation\PhysX\Common;C:\Program Files\NVIDIA Corporation\NVIDIA NvDLISR;C:\Program Files\dotnet\;C:\Program Files\Microsoft SQL Server\130\Tools\Binn\;C:\Program Files\MySQL\MySQL Utilities 1.6\;C:\Program Files (x86)\Wolfram Research\WolframScript\;C:\WINDOWS\system32;C:\WINDOWS;C:\WINDOWS\System32\Wbem;C:\WINDOWS\System32\WindowsPowerShell\v1.0\;C:\WINDOWS\System32\OpenSSH\;C:\Program Files\nodejs\;C:\ProgramData\chocolatey\bin;C:\Program Files (x86)\Yarn\bin\;C:\Program Files\Calibre2\;C:\Program Files\Git\cmd;C:\Gradle\gradle-6.2.2\bin;C:\Users\Lukas\AppData\Local\Programs\Python\Python36-32\Scripts\;C:\Users\Lukas\AppData\Local\Programs\Python\Python36-32\;C:\Users\Lukas\AppData\Local\Microsoft\WindowsApps;C:\Users\Lukas\AppData\Local\atom\bin;C:\Users\Lukas\.dotnet\tools;C:\Users\Lukas\AppData\Local\Microsoft\WindowsApps;C:\Users\Lukas\AppData\Roaming\npm;C:\Users\Lukas\AppData\Local\Yarn\bin;C:\Users\Lukas\AppData\Local\GitHubDesktop\bin
USERNAME=Lukas
OS=Windows_NT
PROCESSOR_IDENTIFIER=Intel64 Family 6 Model 94 Stepping 3, GenuineIntel



---------------  S Y S T E M  ---------------

OS: Windows 10 , 64 bit Build 18362 (10.0.18362.329)

CPU:total 8 (initial active 8) (4 cores per cpu, 2 threads per core) family 6 model 94 stepping 3, cmov, cx8, fxsr, mmx, sse, sse2, sse3, ssse3, sse4.1, sse4.2, popcnt, avx, avx2, aes, clmul, erms, rtm, 3dnowpref, lzcnt, ht, tsc, tscinvbit, bmi1, bmi2, adx, fma

Memory: 4k page, system-wide physical 16301M (3287M free)
TotalPageFile size 33709M (AvailPageFile size 7639M)
current process WorkingSet (physical memory assigned to process): 731M, peak: 731M
current process commit charge ("private bytes"): 879M, peak: 879M

vm_info: Java HotSpot(TM) 64-Bit Server VM (11.0.1+13-LTS) for windows-amd64 JRE (11.0.1+13-LTS), built on Oct  6 2018 13:20:16 by "mach5one" with MS VC++ 15.5 (VS2017)

END.
